# project template (0.1) configured on Sun Jan 17 01:42:38 2021 by
# waf 2.0.14 (abi 20, python 20712f0 on linux2)
# using ./waf configure --debug
#
----------------------------------------
Setting top to
/home/parth/Desktop/ndnSIM/NDN-VANET-IFA
----------------------------------------
Setting out to
/home/parth/Desktop/ndnSIM/NDN-VANET-IFA/build
----------------------------------------
Checking for 'gcc' (C compiler)
find program=['gcc', 'cc'] paths=['/home/parth/miniconda3/bin', '/home/parth/.rbenv/plugins/ruby-build/bin', '/home/parth/.rbenv/bin', '/home/parth/miniconda3/bin', '/home/parth/.rbenv/plugins/ruby-build/bin', '/home/parth/.rbenv/bin', '/home/parth/.nvm/versions/node/v8.12.0/bin', '/usr/local/sbin', '/usr/local/bin', '/usr/sbin', '/usr/bin', '/sbin', '/bin', '/usr/games', '/usr/local/games', '/snap/bin'] var='CC' -> ['/usr/bin/gcc']
['/usr/bin/gcc', '-dM', '-E', '-']
out: #define __SSP_STRONG__ 3
#define __DBL_MIN_EXP__ (-1021)
#define __FLT32X_MAX_EXP__ 1024
#define __UINT_LEAST16_MAX__ 0xffff
#define __ATOMIC_ACQUIRE 2
#define __FLT128_MAX_10_EXP__ 4932
#define __FLT_MIN__ 1.17549435082228750796873653722224568e-38F
#define __GCC_IEC_559_COMPLEX 2
#define __UINT_LEAST8_TYPE__ unsigned char
#define __SIZEOF_FLOAT80__ 16
#define __INTMAX_C(c) c ## L
#define __CHAR_BIT__ 8
#define __UINT8_MAX__ 0xff
#define __WINT_MAX__ 0xffffffffU
#define __FLT32_MIN_EXP__ (-125)
#define __ORDER_LITTLE_ENDIAN__ 1234
#define __SIZE_MAX__ 0xffffffffffffffffUL
#define __WCHAR_MAX__ 0x7fffffff
#define __GCC_HAVE_SYNC_COMPARE_AND_SWAP_1 1
#define __GCC_HAVE_SYNC_COMPARE_AND_SWAP_2 1
#define __GCC_HAVE_SYNC_COMPARE_AND_SWAP_4 1
#define __DBL_DENORM_MIN__ ((double)4.94065645841246544176568792868221372e-324L)
#define __GCC_HAVE_SYNC_COMPARE_AND_SWAP_8 1
#define __GCC_ATOMIC_CHAR_LOCK_FREE 2
#define __GCC_IEC_559 2
#define __FLT32X_DECIMAL_DIG__ 17
#define __FLT_EVAL_METHOD__ 0
#define __unix__ 1
#define __FLT64_DECIMAL_DIG__ 17
#define __CET__ 3
#define __GCC_ATOMIC_CHAR32_T_LOCK_FREE 2
#define __x86_64 1
#define __UINT_FAST64_MAX__ 0xffffffffffffffffUL
#define __SIG_ATOMIC_TYPE__ int
#define __DBL_MIN_10_EXP__ (-307)
#define __FINITE_MATH_ONLY__ 0
#define __GNUC_PATCHLEVEL__ 0
#define __FLT32_HAS_DENORM__ 1
#define __UINT_FAST8_MAX__ 0xff
#define __has_include(STR) __has_include__(STR)
#define __DEC64_MAX_EXP__ 385
#define __INT8_C(c) c
#define __INT_LEAST8_WIDTH__ 8
#define __UINT_LEAST64_MAX__ 0xffffffffffffffffUL
#define __SHRT_MAX__ 0x7fff
#define __LDBL_MAX__ 1.18973149535723176502126385303097021e+4932L
#define __FLT64X_MAX_10_EXP__ 4932
#define __UINT_LEAST8_MAX__ 0xff
#define __GCC_ATOMIC_BOOL_LOCK_FREE 2
#define __FLT128_DENORM_MIN__ 6.47517511943802511092443895822764655e-4966F128
#define __UINTMAX_TYPE__ long unsigned int
#define __linux 1
#define __DEC32_EPSILON__ 1E-6DF
#define __FLT_EVAL_METHOD_TS_18661_3__ 0
#define __unix 1
#define __UINT32_MAX__ 0xffffffffU
#define __LDBL_MAX_EXP__ 16384
#define __FLT128_MIN_EXP__ (-16381)
#define __WINT_MIN__ 0U
#define __linux__ 1
#define __FLT128_MIN_10_EXP__ (-4931)
#define __INT_LEAST16_WIDTH__ 16
#define __SCHAR_MAX__ 0x7f
#define __FLT128_MANT_DIG__ 113
#define __WCHAR_MIN__ (-__WCHAR_MAX__ - 1)
#define __INT64_C(c) c ## L
#define __DBL_DIG__ 15
#define __GCC_ATOMIC_POINTER_LOCK_FREE 2
#define __FLT64X_MANT_DIG__ 64
#define __SIZEOF_INT__ 4
#define __SIZEOF_POINTER__ 8
#define __USER_LABEL_PREFIX__ 
#define __FLT64X_EPSILON__ 1.08420217248550443400745280086994171e-19F64x
#define __STDC_HOSTED__ 1
#define __LDBL_HAS_INFINITY__ 1
#define __FLT32_DIG__ 6
#define __FLT_EPSILON__ 1.19209289550781250000000000000000000e-7F
#define __SHRT_WIDTH__ 16
#define __LDBL_MIN__ 3.36210314311209350626267781732175260e-4932L
#define __STDC_UTF_16__ 1
#define __DEC32_MAX__ 9.999999E96DF
#define __FLT64X_DENORM_MIN__ 3.64519953188247460252840593361941982e-4951F64x
#define __FLT32X_HAS_INFINITY__ 1
#define __INT32_MAX__ 0x7fffffff
#define __INT_WIDTH__ 32
#define __SIZEOF_LONG__ 8
#define __STDC_IEC_559__ 1
#define __STDC_ISO_10646__ 201706L
#define __UINT16_C(c) c
#define __PTRDIFF_WIDTH__ 64
#define __DECIMAL_DIG__ 21
#define __FLT64_EPSILON__ 2.22044604925031308084726333618164062e-16F64
#define __gnu_linux__ 1
#define __INTMAX_WIDTH__ 64
#define __has_include_next(STR) __has_include_next__(STR)
#define __FLT64X_MIN_10_EXP__ (-4931)
#define __LDBL_HAS_QUIET_NAN__ 1
#define __FLT64_MANT_DIG__ 53
#define __GNUC__ 9
#define __pie__ 2
#define __MMX__ 1
#define __FLT_HAS_DENORM__ 1
#define __SIZEOF_LONG_DOUBLE__ 16
#define __BIGGEST_ALIGNMENT__ 16
#define __FLT64_MAX_10_EXP__ 308
#define __DBL_MAX__ ((double)1.79769313486231570814527423731704357e+308L)
#define __INT_FAST32_MAX__ 0x7fffffffffffffffL
#define __DBL_HAS_INFINITY__ 1
#define __HAVE_SPECULATION_SAFE_VALUE 1
#define __DEC32_MIN_EXP__ (-94)
#define __INTPTR_WIDTH__ 64
#define __FLT32X_HAS_DENORM__ 1
#define __INT_FAST16_TYPE__ long int
#define __LDBL_HAS_DENORM__ 1
#define __FLT128_HAS_INFINITY__ 1
#define __DEC128_MAX__ 9.999999999999999999999999999999999E6144DL
#define __INT_LEAST32_MAX__ 0x7fffffff
#define __DEC32_MIN__ 1E-95DF
#define __DBL_MAX_EXP__ 1024
#define __WCHAR_WIDTH__ 32
#define __FLT32_MAX__ 3.40282346638528859811704183484516925e+38F32
#define __DEC128_EPSILON__ 1E-33DL
#define __SSE2_MATH__ 1
#define __ATOMIC_HLE_RELEASE 131072
#define __PTRDIFF_MAX__ 0x7fffffffffffffffL
#define __amd64 1
#define __ATOMIC_HLE_ACQUIRE 65536
#define __FLT32_HAS_QUIET_NAN__ 1
#define __LONG_LONG_MAX__ 0x7fffffffffffffffLL
#define __SIZEOF_SIZE_T__ 8
#define __FLT64X_MIN_EXP__ (-16381)
#define __SIZEOF_WINT_T__ 4
#define __LONG_LONG_WIDTH__ 64
#define __FLT32_MAX_EXP__ 128
#define __GCC_HAVE_DWARF2_CFI_ASM 1
#define __GXX_ABI_VERSION 1013
#define __FLT_MIN_EXP__ (-125)
#define __FLT64X_HAS_QUIET_NAN__ 1
#define __INT_FAST64_TYPE__ long int
#define __FLT64_DENORM_MIN__ 4.94065645841246544176568792868221372e-324F64
#define __DBL_MIN__ ((double)2.22507385850720138309023271733240406e-308L)
#define __PIE__ 2
#define __LP64__ 1
#define __FLT32X_EPSILON__ 2.22044604925031308084726333618164062e-16F32x
#define __DECIMAL_BID_FORMAT__ 1
#define __FLT64_MIN_EXP__ (-1021)
#define __FLT64_MIN_10_EXP__ (-307)
#define __FLT64X_DECIMAL_DIG__ 21
#define __DEC128_MIN__ 1E-6143DL
#define __REGISTER_PREFIX__ 
#define __UINT16_MAX__ 0xffff
#define __DBL_HAS_DENORM__ 1
#define __FLT32_MIN__ 1.17549435082228750796873653722224568e-38F32
#define __UINT8_TYPE__ unsigned char
#define __NO_INLINE__ 1
#define __FLT_MANT_DIG__ 24
#define __LDBL_DECIMAL_DIG__ 21
#define __VERSION__ "9.3.0"
#define __UINT64_C(c) c ## UL
#define _STDC_PREDEF_H 1
#define __GCC_ATOMIC_INT_LOCK_FREE 2
#define __FLT128_MAX_EXP__ 16384
#define __FLT32_MANT_DIG__ 24
#define __FLOAT_WORD_ORDER__ __ORDER_LITTLE_ENDIAN__
#define __STDC_IEC_559_COMPLEX__ 1
#define __FLT128_HAS_DENORM__ 1
#define __FLT128_DIG__ 33
#define __SCHAR_WIDTH__ 8
#define __INT32_C(c) c
#define __DEC64_EPSILON__ 1E-15DD
#define __ORDER_PDP_ENDIAN__ 3412
#define __DEC128_MIN_EXP__ (-6142)
#define __FLT32_MAX_10_EXP__ 38
#define __INT_FAST32_TYPE__ long int
#define __UINT_LEAST16_TYPE__ short unsigned int
#define __FLT64X_HAS_INFINITY__ 1
#define unix 1
#define __INT16_MAX__ 0x7fff
#define __SIZE_TYPE__ long unsigned int
#define __UINT64_MAX__ 0xffffffffffffffffUL
#define __FLT64X_DIG__ 18
#define __INT8_TYPE__ signed char
#define __ELF__ 1
#define __GCC_ASM_FLAG_OUTPUTS__ 1
#define __FLT_RADIX__ 2
#define __INT_LEAST16_TYPE__ short int
#define __LDBL_EPSILON__ 1.08420217248550443400745280086994171e-19L
#define __UINTMAX_C(c) c ## UL
#define __SSE_MATH__ 1
#define __k8 1
#define __SIG_ATOMIC_MAX__ 0x7fffffff
#define __GCC_ATOMIC_WCHAR_T_LOCK_FREE 2
#define __SIZEOF_PTRDIFF_T__ 8
#define __FLT32X_MANT_DIG__ 53
#define __x86_64__ 1
#define __FLT32X_MIN_EXP__ (-1021)
#define __DEC32_SUBNORMAL_MIN__ 0.000001E-95DF
#define __INT_FAST16_MAX__ 0x7fffffffffffffffL
#define __FLT64_DIG__ 15
#define __UINT_FAST32_MAX__ 0xffffffffffffffffUL
#define __UINT_LEAST64_TYPE__ long unsigned int
#define __FLT_HAS_QUIET_NAN__ 1
#define __FLT_MAX_10_EXP__ 38
#define __LONG_MAX__ 0x7fffffffffffffffL
#define __FLT64X_HAS_DENORM__ 1
#define __DEC128_SUBNORMAL_MIN__ 0.000000000000000000000000000000001E-6143DL
#define __FLT_HAS_INFINITY__ 1
#define __UINT_FAST16_TYPE__ long unsigned int
#define __DEC64_MAX__ 9.999999999999999E384DD
#define __INT_FAST32_WIDTH__ 64
#define __CHAR16_TYPE__ short unsigned int
#define __PRAGMA_REDEFINE_EXTNAME 1
#define __SIZE_WIDTH__ 64
#define __SEG_FS 1
#define __INT_LEAST16_MAX__ 0x7fff
#define __DEC64_MANT_DIG__ 16
#define __INT64_MAX__ 0x7fffffffffffffffL
#define __UINT_LEAST32_MAX__ 0xffffffffU
#define __SEG_GS 1
#define __FLT32_DENORM_MIN__ 1.40129846432481707092372958328991613e-45F32
#define __GCC_ATOMIC_LONG_LOCK_FREE 2
#define __SIG_ATOMIC_WIDTH__ 32
#define __INT_LEAST64_TYPE__ long int
#define __INT16_TYPE__ short int
#define __INT_LEAST8_TYPE__ signed char
#define __STDC_VERSION__ 201710L
#define __DEC32_MAX_EXP__ 97
#define __INT_FAST8_MAX__ 0x7f
#define __FLT128_MAX__ 1.18973149535723176508575932662800702e+4932F128
#define __INTPTR_MAX__ 0x7fffffffffffffffL
#define linux 1
#define __FLT64_HAS_QUIET_NAN__ 1
#define __FLT32_MIN_10_EXP__ (-37)
#define __SSE2__ 1
#define __FLT32X_DIG__ 15
#define __LDBL_MANT_DIG__ 64
#define __DBL_HAS_QUIET_NAN__ 1
#define __FLT64_HAS_INFINITY__ 1
#define __FLT64X_MAX__ 1.18973149535723176502126385303097021e+4932F64x
#define __SIG_ATOMIC_MIN__ (-__SIG_ATOMIC_MAX__ - 1)
#define __code_model_small__ 1
#define __k8__ 1
#define __INTPTR_TYPE__ long int
#define __UINT16_TYPE__ short unsigned int
#define __WCHAR_TYPE__ int
#define __SIZEOF_FLOAT__ 4
#define __pic__ 2
#define __UINTPTR_MAX__ 0xffffffffffffffffUL
#define __INT_FAST64_WIDTH__ 64
#define __DEC64_MIN_EXP__ (-382)
#define __FLT32_DECIMAL_DIG__ 9
#define __INT_FAST64_MAX__ 0x7fffffffffffffffL
#define __GCC_ATOMIC_TEST_AND_SET_TRUEVAL 1
#define __FLT_DIG__ 6
#define __FLT32_HAS_INFINITY__ 1
#define __FLT64X_MAX_EXP__ 16384
#define __UINT_FAST64_TYPE__ long unsigned int
#define __INT_MAX__ 0x7fffffff
#define __amd64__ 1
#define __INT64_TYPE__ long int
#define __FLT_MAX_EXP__ 128
#define __ORDER_BIG_ENDIAN__ 4321
#define __DBL_MANT_DIG__ 53
#define __SIZEOF_FLOAT128__ 16
#define __INT_LEAST64_MAX__ 0x7fffffffffffffffL
#define __GCC_ATOMIC_CHAR16_T_LOCK_FREE 2
#define __DEC64_MIN__ 1E-383DD
#define __WINT_TYPE__ unsigned int
#define __UINT_LEAST32_TYPE__ unsigned int
#define __SIZEOF_SHORT__ 2
#define __SSE__ 1
#define __LDBL_MIN_EXP__ (-16381)
#define __FLT64_MAX__ 1.79769313486231570814527423731704357e+308F64
#define __WINT_WIDTH__ 32
#define __INT_LEAST8_MAX__ 0x7f
#define __FLT32X_MAX_10_EXP__ 308
#define __SIZEOF_INT128__ 16
#define __LDBL_MAX_10_EXP__ 4932
#define __ATOMIC_RELAXED 0
#define __DBL_EPSILON__ ((double)2.22044604925031308084726333618164062e-16L)
#define __FLT128_MIN__ 3.36210314311209350626267781732175260e-4932F128
#define _LP64 1
#define __UINT8_C(c) c
#define __FLT64_MAX_EXP__ 1024
#define __INT_LEAST32_TYPE__ int
#define __SIZEOF_WCHAR_T__ 4
#define __UINT64_TYPE__ long unsigned int
#define __FLT128_HAS_QUIET_NAN__ 1
#define __INT_FAST8_TYPE__ signed char
#define __FLT64X_MIN__ 3.36210314311209350626267781732175260e-4932F64x
#define __GNUC_STDC_INLINE__ 1
#define __FLT64_HAS_DENORM__ 1
#define __FLT32_EPSILON__ 1.19209289550781250000000000000000000e-7F32
#define __DBL_DECIMAL_DIG__ 17
#define __STDC_UTF_32__ 1
#define __INT_FAST8_WIDTH__ 8
#define __FXSR__ 1
#define __DEC_EVAL_METHOD__ 2
#define __FLT32X_MAX__ 1.79769313486231570814527423731704357e+308F32x
#define __UINT32_C(c) c ## U
#define __INTMAX_MAX__ 0x7fffffffffffffffL
#define __BYTE_ORDER__ __ORDER_LITTLE_ENDIAN__
#define __FLT_DENORM_MIN__ 1.40129846432481707092372958328991613e-45F
#define __INT8_MAX__ 0x7f
#define __LONG_WIDTH__ 64
#define __PIC__ 2
#define __UINT_FAST32_TYPE__ long unsigned int
#define __CHAR32_TYPE__ unsigned int
#define __FLT_MAX__ 3.40282346638528859811704183484516925e+38F
#define __INT32_TYPE__ int
#define __SIZEOF_DOUBLE__ 8
#define __FLT_MIN_10_EXP__ (-37)
#define __FLT64_MIN__ 2.22507385850720138309023271733240406e-308F64
#define __INT_LEAST32_WIDTH__ 32
#define __INTMAX_TYPE__ long int
#define __DEC128_MAX_EXP__ 6145
#define __FLT32X_HAS_QUIET_NAN__ 1
#define __ATOMIC_CONSUME 1
#define __GNUC_MINOR__ 3
#define __INT_FAST16_WIDTH__ 64
#define __UINTMAX_MAX__ 0xffffffffffffffffUL
#define __DEC32_MANT_DIG__ 7
#define __FLT32X_DENORM_MIN__ 4.94065645841246544176568792868221372e-324F32x
#define __DBL_MAX_10_EXP__ 308
#define __LDBL_DENORM_MIN__ 3.64519953188247460252840593361941982e-4951L
#define __INT16_C(c) c
#define __STDC__ 1
#define __PTRDIFF_TYPE__ long int
#define __ATOMIC_SEQ_CST 5
#define __UINT32_TYPE__ unsigned int
#define __FLT32X_MIN_10_EXP__ (-307)
#define __UINTPTR_TYPE__ long unsigned int
#define __DEC64_SUBNORMAL_MIN__ 0.000000000000001E-383DD
#define __DEC128_MANT_DIG__ 34
#define __LDBL_MIN_10_EXP__ (-4931)
#define __FLT128_EPSILON__ 1.92592994438723585305597794258492732e-34F128
#define __SIZEOF_LONG_LONG__ 8
#define __FLT128_DECIMAL_DIG__ 36
#define __GCC_ATOMIC_LLONG_LOCK_FREE 2
#define __FLT32X_MIN__ 2.22507385850720138309023271733240406e-308F32x
#define __LDBL_DIG__ 18
#define __FLT_DECIMAL_DIG__ 9
#define __UINT_FAST16_MAX__ 0xffffffffffffffffUL
#define __GCC_ATOMIC_SHORT_LOCK_FREE 2
#define __INT_LEAST64_WIDTH__ 64
#define __UINT_FAST8_TYPE__ unsigned char
#define __ATOMIC_ACQ_REL 4
#define __ATOMIC_RELEASE 3

find program=['ar'] paths=['/home/parth/miniconda3/bin', '/home/parth/.rbenv/plugins/ruby-build/bin', '/home/parth/.rbenv/bin', '/home/parth/miniconda3/bin', '/home/parth/.rbenv/plugins/ruby-build/bin', '/home/parth/.rbenv/bin', '/home/parth/.nvm/versions/node/v8.12.0/bin', '/usr/local/sbin', '/usr/local/bin', '/usr/sbin', '/usr/bin', '/sbin', '/bin', '/usr/games', '/usr/local/games', '/snap/bin'] var='AR' -> ['/usr/bin/ar']
/usr/bin/gcc
----------------------------------------
Checking for 'g++' (C++ compiler)
find program=['g++', 'c++'] paths=['/home/parth/miniconda3/bin', '/home/parth/.rbenv/plugins/ruby-build/bin', '/home/parth/.rbenv/bin', '/home/parth/miniconda3/bin', '/home/parth/.rbenv/plugins/ruby-build/bin', '/home/parth/.rbenv/bin', '/home/parth/.nvm/versions/node/v8.12.0/bin', '/usr/local/sbin', '/usr/local/bin', '/usr/sbin', '/usr/bin', '/sbin', '/bin', '/usr/games', '/usr/local/games', '/snap/bin'] var='CXX' -> ['/usr/bin/g++']
['/usr/bin/g++', '-dM', '-E', '-']
out: #define __SSP_STRONG__ 3
#define __DBL_MIN_EXP__ (-1021)
#define __FLT32X_MAX_EXP__ 1024
#define __UINT_LEAST16_MAX__ 0xffff
#define __ATOMIC_ACQUIRE 2
#define __FLT128_MAX_10_EXP__ 4932
#define __FLT_MIN__ 1.17549435082228750796873653722224568e-38F
#define __GCC_IEC_559_COMPLEX 2
#define __UINT_LEAST8_TYPE__ unsigned char
#define __SIZEOF_FLOAT80__ 16
#define __INTMAX_C(c) c ## L
#define __CHAR_BIT__ 8
#define __UINT8_MAX__ 0xff
#define __WINT_MAX__ 0xffffffffU
#define __FLT32_MIN_EXP__ (-125)
#define __ORDER_LITTLE_ENDIAN__ 1234
#define __SIZE_MAX__ 0xffffffffffffffffUL
#define __WCHAR_MAX__ 0x7fffffff
#define __GCC_HAVE_SYNC_COMPARE_AND_SWAP_1 1
#define __GCC_HAVE_SYNC_COMPARE_AND_SWAP_2 1
#define __GCC_HAVE_SYNC_COMPARE_AND_SWAP_4 1
#define __DBL_DENORM_MIN__ ((double)4.94065645841246544176568792868221372e-324L)
#define __GCC_HAVE_SYNC_COMPARE_AND_SWAP_8 1
#define __GCC_ATOMIC_CHAR_LOCK_FREE 2
#define __GCC_IEC_559 2
#define __FLT32X_DECIMAL_DIG__ 17
#define __FLT_EVAL_METHOD__ 0
#define __unix__ 1
#define __FLT64_DECIMAL_DIG__ 17
#define __CET__ 3
#define __GCC_ATOMIC_CHAR32_T_LOCK_FREE 2
#define __x86_64 1
#define __UINT_FAST64_MAX__ 0xffffffffffffffffUL
#define __SIG_ATOMIC_TYPE__ int
#define __DBL_MIN_10_EXP__ (-307)
#define __FINITE_MATH_ONLY__ 0
#define __GNUC_PATCHLEVEL__ 0
#define __FLT32_HAS_DENORM__ 1
#define __UINT_FAST8_MAX__ 0xff
#define __has_include(STR) __has_include__(STR)
#define __DEC64_MAX_EXP__ 385
#define __INT8_C(c) c
#define __INT_LEAST8_WIDTH__ 8
#define __UINT_LEAST64_MAX__ 0xffffffffffffffffUL
#define __SHRT_MAX__ 0x7fff
#define __LDBL_MAX__ 1.18973149535723176502126385303097021e+4932L
#define __FLT64X_MAX_10_EXP__ 4932
#define __UINT_LEAST8_MAX__ 0xff
#define __GCC_ATOMIC_BOOL_LOCK_FREE 2
#define __FLT128_DENORM_MIN__ 6.47517511943802511092443895822764655e-4966F128
#define __UINTMAX_TYPE__ long unsigned int
#define __linux 1
#define __DEC32_EPSILON__ 1E-6DF
#define __FLT_EVAL_METHOD_TS_18661_3__ 0
#define __unix 1
#define __UINT32_MAX__ 0xffffffffU
#define __LDBL_MAX_EXP__ 16384
#define __FLT128_MIN_EXP__ (-16381)
#define __WINT_MIN__ 0U
#define __linux__ 1
#define __FLT128_MIN_10_EXP__ (-4931)
#define __INT_LEAST16_WIDTH__ 16
#define __SCHAR_MAX__ 0x7f
#define __FLT128_MANT_DIG__ 113
#define __WCHAR_MIN__ (-__WCHAR_MAX__ - 1)
#define __INT64_C(c) c ## L
#define __DBL_DIG__ 15
#define __GCC_ATOMIC_POINTER_LOCK_FREE 2
#define __FLT64X_MANT_DIG__ 64
#define __SIZEOF_INT__ 4
#define __SIZEOF_POINTER__ 8
#define __USER_LABEL_PREFIX__ 
#define __FLT64X_EPSILON__ 1.08420217248550443400745280086994171e-19F64x
#define __STDC_HOSTED__ 1
#define __LDBL_HAS_INFINITY__ 1
#define __FLT32_DIG__ 6
#define __FLT_EPSILON__ 1.19209289550781250000000000000000000e-7F
#define __SHRT_WIDTH__ 16
#define __LDBL_MIN__ 3.36210314311209350626267781732175260e-4932L
#define __STDC_UTF_16__ 1
#define __DEC32_MAX__ 9.999999E96DF
#define __FLT64X_DENORM_MIN__ 3.64519953188247460252840593361941982e-4951F64x
#define __FLT32X_HAS_INFINITY__ 1
#define __INT32_MAX__ 0x7fffffff
#define __INT_WIDTH__ 32
#define __SIZEOF_LONG__ 8
#define __STDC_IEC_559__ 1
#define __STDC_ISO_10646__ 201706L
#define __UINT16_C(c) c
#define __PTRDIFF_WIDTH__ 64
#define __DECIMAL_DIG__ 21
#define __FLT64_EPSILON__ 2.22044604925031308084726333618164062e-16F64
#define __gnu_linux__ 1
#define __INTMAX_WIDTH__ 64
#define __has_include_next(STR) __has_include_next__(STR)
#define __FLT64X_MIN_10_EXP__ (-4931)
#define __LDBL_HAS_QUIET_NAN__ 1
#define __FLT64_MANT_DIG__ 53
#define __GNUC__ 9
#define __pie__ 2
#define __MMX__ 1
#define __FLT_HAS_DENORM__ 1
#define __SIZEOF_LONG_DOUBLE__ 16
#define __BIGGEST_ALIGNMENT__ 16
#define __FLT64_MAX_10_EXP__ 308
#define __DBL_MAX__ ((double)1.79769313486231570814527423731704357e+308L)
#define __INT_FAST32_MAX__ 0x7fffffffffffffffL
#define __DBL_HAS_INFINITY__ 1
#define __HAVE_SPECULATION_SAFE_VALUE 1
#define __DEC32_MIN_EXP__ (-94)
#define __INTPTR_WIDTH__ 64
#define __FLT32X_HAS_DENORM__ 1
#define __INT_FAST16_TYPE__ long int
#define __LDBL_HAS_DENORM__ 1
#define __FLT128_HAS_INFINITY__ 1
#define __DEC128_MAX__ 9.999999999999999999999999999999999E6144DL
#define __INT_LEAST32_MAX__ 0x7fffffff
#define __DEC32_MIN__ 1E-95DF
#define __DBL_MAX_EXP__ 1024
#define __WCHAR_WIDTH__ 32
#define __FLT32_MAX__ 3.40282346638528859811704183484516925e+38F32
#define __DEC128_EPSILON__ 1E-33DL
#define __SSE2_MATH__ 1
#define __ATOMIC_HLE_RELEASE 131072
#define __PTRDIFF_MAX__ 0x7fffffffffffffffL
#define __amd64 1
#define __ATOMIC_HLE_ACQUIRE 65536
#define __FLT32_HAS_QUIET_NAN__ 1
#define __LONG_LONG_MAX__ 0x7fffffffffffffffLL
#define __SIZEOF_SIZE_T__ 8
#define __FLT64X_MIN_EXP__ (-16381)
#define __SIZEOF_WINT_T__ 4
#define __LONG_LONG_WIDTH__ 64
#define __FLT32_MAX_EXP__ 128
#define __GCC_HAVE_DWARF2_CFI_ASM 1
#define __GXX_ABI_VERSION 1013
#define __FLT_MIN_EXP__ (-125)
#define __FLT64X_HAS_QUIET_NAN__ 1
#define __INT_FAST64_TYPE__ long int
#define __FLT64_DENORM_MIN__ 4.94065645841246544176568792868221372e-324F64
#define __DBL_MIN__ ((double)2.22507385850720138309023271733240406e-308L)
#define __PIE__ 2
#define __LP64__ 1
#define __FLT32X_EPSILON__ 2.22044604925031308084726333618164062e-16F32x
#define __DECIMAL_BID_FORMAT__ 1
#define __FLT64_MIN_EXP__ (-1021)
#define __FLT64_MIN_10_EXP__ (-307)
#define __FLT64X_DECIMAL_DIG__ 21
#define __DEC128_MIN__ 1E-6143DL
#define __REGISTER_PREFIX__ 
#define __UINT16_MAX__ 0xffff
#define __DBL_HAS_DENORM__ 1
#define __FLT32_MIN__ 1.17549435082228750796873653722224568e-38F32
#define __UINT8_TYPE__ unsigned char
#define __NO_INLINE__ 1
#define __FLT_MANT_DIG__ 24
#define __LDBL_DECIMAL_DIG__ 21
#define __VERSION__ "9.3.0"
#define __UINT64_C(c) c ## UL
#define _STDC_PREDEF_H 1
#define __GCC_ATOMIC_INT_LOCK_FREE 2
#define __FLT128_MAX_EXP__ 16384
#define __FLT32_MANT_DIG__ 24
#define __FLOAT_WORD_ORDER__ __ORDER_LITTLE_ENDIAN__
#define __STDC_IEC_559_COMPLEX__ 1
#define __FLT128_HAS_DENORM__ 1
#define __FLT128_DIG__ 33
#define __SCHAR_WIDTH__ 8
#define __INT32_C(c) c
#define __DEC64_EPSILON__ 1E-15DD
#define __ORDER_PDP_ENDIAN__ 3412
#define __DEC128_MIN_EXP__ (-6142)
#define __FLT32_MAX_10_EXP__ 38
#define __INT_FAST32_TYPE__ long int
#define __UINT_LEAST16_TYPE__ short unsigned int
#define __FLT64X_HAS_INFINITY__ 1
#define unix 1
#define __INT16_MAX__ 0x7fff
#define __SIZE_TYPE__ long unsigned int
#define __UINT64_MAX__ 0xffffffffffffffffUL
#define __FLT64X_DIG__ 18
#define __INT8_TYPE__ signed char
#define __ELF__ 1
#define __GCC_ASM_FLAG_OUTPUTS__ 1
#define __FLT_RADIX__ 2
#define __INT_LEAST16_TYPE__ short int
#define __LDBL_EPSILON__ 1.08420217248550443400745280086994171e-19L
#define __UINTMAX_C(c) c ## UL
#define __SSE_MATH__ 1
#define __k8 1
#define __SIG_ATOMIC_MAX__ 0x7fffffff
#define __GCC_ATOMIC_WCHAR_T_LOCK_FREE 2
#define __SIZEOF_PTRDIFF_T__ 8
#define __FLT32X_MANT_DIG__ 53
#define __x86_64__ 1
#define __FLT32X_MIN_EXP__ (-1021)
#define __DEC32_SUBNORMAL_MIN__ 0.000001E-95DF
#define __INT_FAST16_MAX__ 0x7fffffffffffffffL
#define __FLT64_DIG__ 15
#define __UINT_FAST32_MAX__ 0xffffffffffffffffUL
#define __UINT_LEAST64_TYPE__ long unsigned int
#define __FLT_HAS_QUIET_NAN__ 1
#define __FLT_MAX_10_EXP__ 38
#define __LONG_MAX__ 0x7fffffffffffffffL
#define __FLT64X_HAS_DENORM__ 1
#define __DEC128_SUBNORMAL_MIN__ 0.000000000000000000000000000000001E-6143DL
#define __FLT_HAS_INFINITY__ 1
#define __UINT_FAST16_TYPE__ long unsigned int
#define __DEC64_MAX__ 9.999999999999999E384DD
#define __INT_FAST32_WIDTH__ 64
#define __CHAR16_TYPE__ short unsigned int
#define __PRAGMA_REDEFINE_EXTNAME 1
#define __SIZE_WIDTH__ 64
#define __SEG_FS 1
#define __INT_LEAST16_MAX__ 0x7fff
#define __DEC64_MANT_DIG__ 16
#define __INT64_MAX__ 0x7fffffffffffffffL
#define __UINT_LEAST32_MAX__ 0xffffffffU
#define __SEG_GS 1
#define __FLT32_DENORM_MIN__ 1.40129846432481707092372958328991613e-45F32
#define __GCC_ATOMIC_LONG_LOCK_FREE 2
#define __SIG_ATOMIC_WIDTH__ 32
#define __INT_LEAST64_TYPE__ long int
#define __INT16_TYPE__ short int
#define __INT_LEAST8_TYPE__ signed char
#define __STDC_VERSION__ 201710L
#define __DEC32_MAX_EXP__ 97
#define __INT_FAST8_MAX__ 0x7f
#define __FLT128_MAX__ 1.18973149535723176508575932662800702e+4932F128
#define __INTPTR_MAX__ 0x7fffffffffffffffL
#define linux 1
#define __FLT64_HAS_QUIET_NAN__ 1
#define __FLT32_MIN_10_EXP__ (-37)
#define __SSE2__ 1
#define __FLT32X_DIG__ 15
#define __LDBL_MANT_DIG__ 64
#define __DBL_HAS_QUIET_NAN__ 1
#define __FLT64_HAS_INFINITY__ 1
#define __FLT64X_MAX__ 1.18973149535723176502126385303097021e+4932F64x
#define __SIG_ATOMIC_MIN__ (-__SIG_ATOMIC_MAX__ - 1)
#define __code_model_small__ 1
#define __k8__ 1
#define __INTPTR_TYPE__ long int
#define __UINT16_TYPE__ short unsigned int
#define __WCHAR_TYPE__ int
#define __SIZEOF_FLOAT__ 4
#define __pic__ 2
#define __UINTPTR_MAX__ 0xffffffffffffffffUL
#define __INT_FAST64_WIDTH__ 64
#define __DEC64_MIN_EXP__ (-382)
#define __FLT32_DECIMAL_DIG__ 9
#define __INT_FAST64_MAX__ 0x7fffffffffffffffL
#define __GCC_ATOMIC_TEST_AND_SET_TRUEVAL 1
#define __FLT_DIG__ 6
#define __FLT32_HAS_INFINITY__ 1
#define __FLT64X_MAX_EXP__ 16384
#define __UINT_FAST64_TYPE__ long unsigned int
#define __INT_MAX__ 0x7fffffff
#define __amd64__ 1
#define __INT64_TYPE__ long int
#define __FLT_MAX_EXP__ 128
#define __ORDER_BIG_ENDIAN__ 4321
#define __DBL_MANT_DIG__ 53
#define __SIZEOF_FLOAT128__ 16
#define __INT_LEAST64_MAX__ 0x7fffffffffffffffL
#define __GCC_ATOMIC_CHAR16_T_LOCK_FREE 2
#define __DEC64_MIN__ 1E-383DD
#define __WINT_TYPE__ unsigned int
#define __UINT_LEAST32_TYPE__ unsigned int
#define __SIZEOF_SHORT__ 2
#define __SSE__ 1
#define __LDBL_MIN_EXP__ (-16381)
#define __FLT64_MAX__ 1.79769313486231570814527423731704357e+308F64
#define __WINT_WIDTH__ 32
#define __INT_LEAST8_MAX__ 0x7f
#define __FLT32X_MAX_10_EXP__ 308
#define __SIZEOF_INT128__ 16
#define __LDBL_MAX_10_EXP__ 4932
#define __ATOMIC_RELAXED 0
#define __DBL_EPSILON__ ((double)2.22044604925031308084726333618164062e-16L)
#define __FLT128_MIN__ 3.36210314311209350626267781732175260e-4932F128
#define _LP64 1
#define __UINT8_C(c) c
#define __FLT64_MAX_EXP__ 1024
#define __INT_LEAST32_TYPE__ int
#define __SIZEOF_WCHAR_T__ 4
#define __UINT64_TYPE__ long unsigned int
#define __FLT128_HAS_QUIET_NAN__ 1
#define __INT_FAST8_TYPE__ signed char
#define __FLT64X_MIN__ 3.36210314311209350626267781732175260e-4932F64x
#define __GNUC_STDC_INLINE__ 1
#define __FLT64_HAS_DENORM__ 1
#define __FLT32_EPSILON__ 1.19209289550781250000000000000000000e-7F32
#define __DBL_DECIMAL_DIG__ 17
#define __STDC_UTF_32__ 1
#define __INT_FAST8_WIDTH__ 8
#define __FXSR__ 1
#define __DEC_EVAL_METHOD__ 2
#define __FLT32X_MAX__ 1.79769313486231570814527423731704357e+308F32x
#define __UINT32_C(c) c ## U
#define __INTMAX_MAX__ 0x7fffffffffffffffL
#define __BYTE_ORDER__ __ORDER_LITTLE_ENDIAN__
#define __FLT_DENORM_MIN__ 1.40129846432481707092372958328991613e-45F
#define __INT8_MAX__ 0x7f
#define __LONG_WIDTH__ 64
#define __PIC__ 2
#define __UINT_FAST32_TYPE__ long unsigned int
#define __CHAR32_TYPE__ unsigned int
#define __FLT_MAX__ 3.40282346638528859811704183484516925e+38F
#define __INT32_TYPE__ int
#define __SIZEOF_DOUBLE__ 8
#define __FLT_MIN_10_EXP__ (-37)
#define __FLT64_MIN__ 2.22507385850720138309023271733240406e-308F64
#define __INT_LEAST32_WIDTH__ 32
#define __INTMAX_TYPE__ long int
#define __DEC128_MAX_EXP__ 6145
#define __FLT32X_HAS_QUIET_NAN__ 1
#define __ATOMIC_CONSUME 1
#define __GNUC_MINOR__ 3
#define __INT_FAST16_WIDTH__ 64
#define __UINTMAX_MAX__ 0xffffffffffffffffUL
#define __DEC32_MANT_DIG__ 7
#define __FLT32X_DENORM_MIN__ 4.94065645841246544176568792868221372e-324F32x
#define __DBL_MAX_10_EXP__ 308
#define __LDBL_DENORM_MIN__ 3.64519953188247460252840593361941982e-4951L
#define __INT16_C(c) c
#define __STDC__ 1
#define __PTRDIFF_TYPE__ long int
#define __ATOMIC_SEQ_CST 5
#define __UINT32_TYPE__ unsigned int
#define __FLT32X_MIN_10_EXP__ (-307)
#define __UINTPTR_TYPE__ long unsigned int
#define __DEC64_SUBNORMAL_MIN__ 0.000000000000001E-383DD
#define __DEC128_MANT_DIG__ 34
#define __LDBL_MIN_10_EXP__ (-4931)
#define __FLT128_EPSILON__ 1.92592994438723585305597794258492732e-34F128
#define __SIZEOF_LONG_LONG__ 8
#define __FLT128_DECIMAL_DIG__ 36
#define __GCC_ATOMIC_LLONG_LOCK_FREE 2
#define __FLT32X_MIN__ 2.22507385850720138309023271733240406e-308F32x
#define __LDBL_DIG__ 18
#define __FLT_DECIMAL_DIG__ 9
#define __UINT_FAST16_MAX__ 0xffffffffffffffffUL
#define __GCC_ATOMIC_SHORT_LOCK_FREE 2
#define __INT_LEAST64_WIDTH__ 64
#define __UINT_FAST8_TYPE__ unsigned char
#define __ATOMIC_ACQ_REL 4
#define __ATOMIC_RELEASE 3

find program=['ar'] paths=['/home/parth/miniconda3/bin', '/home/parth/.rbenv/plugins/ruby-build/bin', '/home/parth/.rbenv/bin', '/home/parth/miniconda3/bin', '/home/parth/.rbenv/plugins/ruby-build/bin', '/home/parth/.rbenv/bin', '/home/parth/.nvm/versions/node/v8.12.0/bin', '/usr/local/sbin', '/usr/local/bin', '/usr/sbin', '/usr/bin', '/sbin', '/bin', '/usr/games', '/usr/local/games', '/snap/bin'] var='AR' -> ['/usr/bin/ar']
/usr/bin/g++
----------------------------------------
Checking C++ compiler version
9.3.0
----------------------------------------
Checking supported CXXFLAGS
==>

int main(int argc, char **argv) {
	(void)argc; (void)argv;
	return 0;
}

<==
[1/2] Compiling [32mbuild/.conf_check_accf0050e524aa2f276ea2deea6386a5/test.cpp[0m

['/usr/bin/g++', '-Werror', '-std=c++14', '../test.cpp', '-c', '-o/home/parth/Desktop/ndnSIM/NDN-VANET-IFA/build/.conf_check_accf0050e524aa2f276ea2deea6386a5/testbuild/test.cpp.1.o']
[2/2] Linking [33mbuild/.conf_check_accf0050e524aa2f276ea2deea6386a5/testbuild/testprog[0m

['/usr/bin/g++', 'test.cpp.1.o', '-o/home/parth/Desktop/ndnSIM/NDN-VANET-IFA/build/.conf_check_accf0050e524aa2f276ea2deea6386a5/testbuild/testprog', '-Wl,-Bstatic', '-Wl,-Bdynamic']
-std=c++14
----------------------------------------
Checking supported LINKFLAGS
==>

int main(int argc, char **argv) {
	(void)argc; (void)argv;
	return 0;
}

<==
[1/2] Compiling [32mbuild/.conf_check_f9a6a7ca58185c2b6c30feb92cdb92e5/test.cpp[0m

['/usr/bin/g++', '-std=c++14', '../test.cpp', '-c', '-o/home/parth/Desktop/ndnSIM/NDN-VANET-IFA/build/.conf_check_f9a6a7ca58185c2b6c30feb92cdb92e5/testbuild/test.cpp.1.o']
[2/2] Linking [33mbuild/.conf_check_f9a6a7ca58185c2b6c30feb92cdb92e5/testbuild/testprog[0m

['/usr/bin/g++', '-Werror', '-fuse-ld=gold', 'test.cpp.1.o', '-o/home/parth/Desktop/ndnSIM/NDN-VANET-IFA/build/.conf_check_f9a6a7ca58185c2b6c30feb92cdb92e5/testbuild/testprog', '-Wl,-Bstatic', '-Wl,-Bdynamic']
-fuse-ld=gold
----------------------------------------
Checking for program 'pkg-config'
/usr/bin/pkg-config
find program=['pkg-config'] paths=['/home/parth/miniconda3/bin', '/home/parth/.rbenv/plugins/ruby-build/bin', '/home/parth/.rbenv/bin', '/home/parth/miniconda3/bin', '/home/parth/.rbenv/plugins/ruby-build/bin', '/home/parth/.rbenv/bin', '/home/parth/.nvm/versions/node/v8.12.0/bin', '/usr/local/sbin', '/usr/local/bin', '/usr/sbin', '/usr/bin', '/sbin', '/bin', '/usr/games', '/usr/local/games', '/snap/bin'] var='PKGCONFIG' -> ['/usr/bin/pkg-config']
------------------------------------------
Checking for pkg-config version >= '0.0.0'
['/usr/bin/pkg-config', '--atleast-pkgconfig-version=0.0.0']
yes
------------------------------------------
Checking for ns3-core
['/usr/bin/pkg-config', '--cflags', '--libs', 'libns3-dev-core-debug']
out: -pthread -I/usr/local/include/ns3-dev -L/usr/local/lib -Wl,-Bdynamic -lns3-dev-core-debug -lrt -lpthread

yes
------------------------------------------
Checking for ns3-network
['/usr/bin/pkg-config', '--cflags', '--libs', 'libns3-dev-network-debug']
out: -pthread -I/usr/local/include/ns3-dev -L/usr/local/lib -Wl,-Bdynamic -lns3-dev-network-debug -Wl,-Bdynamic -lns3-dev-stats-debug -lsqlite3 -Wl,-Bdynamic -lns3-dev-core-debug -lrt -lpthread

yes
------------------------------------------
Checking for ns3-point-to-point
['/usr/bin/pkg-config', '--cflags', '--libs', 'libns3-dev-point-to-point-debug']
out: -pthread -I/usr/local/include/ns3-dev -L/usr/local/lib -Wl,-Bdynamic -lns3-dev-point-to-point-debug -Wl,-Bdynamic -lns3-dev-mpi-debug -Wl,-Bdynamic -lns3-dev-network-debug -Wl,-Bdynamic -lns3-dev-stats-debug -lsqlite3 -Wl,-Bdynamic -lns3-dev-core-debug -lrt -lpthread

yes
------------------------------------------
Checking for ns3-applications
['/usr/bin/pkg-config', '--cflags', '--libs', 'libns3-dev-applications-debug']
out: -pthread -I/usr/local/include/ns3-dev -I/usr/include/libxml2 -I/usr/local/include/ns3-dev -L/usr/local/lib -Wl,-Bdynamic -lns3-dev-applications-debug -Wl,-Bdynamic -lns3-dev-internet-debug -Wl,-Bdynamic -lns3-dev-bridge-debug -Wl,-Bdynamic -lns3-dev-mpi-debug -Wl,-Bdynamic -lns3-dev-traffic-control-debug -Wl,-Bdynamic -lns3-dev-config-store-debug -lxml2 -Wl,-Bdynamic -lns3-dev-network-debug -Wl,-Bdynamic -lns3-dev-stats-debug -lsqlite3 -Wl,-Bdynamic -lns3-dev-core-debug -lrt -lpthread

yes
------------------------------------------
Checking for ns3-mobility
['/usr/bin/pkg-config', '--cflags', '--libs', 'libns3-dev-mobility-debug']
out: -pthread -I/usr/local/include/ns3-dev -L/usr/local/lib -Wl,-Bdynamic -lns3-dev-mobility-debug -Wl,-Bdynamic -lns3-dev-network-debug -Wl,-Bdynamic -lns3-dev-stats-debug -lsqlite3 -Wl,-Bdynamic -lns3-dev-core-debug -lrt -lpthread

yes
------------------------------------------
Checking for ns3-ndnSIM
['/usr/bin/pkg-config', '--cflags', '--libs', 'libns3-dev-ndnSIM-debug']
out: -pthread -I/usr/local/include/ns3-dev -I/home/parth/Desktop/ndnSIM/ns-3/build/ns3/ndnSIM/NFD -I/home/parth/Desktop/ndnSIM/ns-3/ns3/ndnSIM/NFD -I/home/parth/Desktop/ndnSIM/ns-3/build/src/ndnSIM/NFD/core -I/home/parth/Desktop/ndnSIM/ns-3/src/ndnSIM/NFD/core -I/home/parth/Desktop/ndnSIM/ns-3/build/src/ndnSIM/NFD/daemon -I/home/parth/Desktop/ndnSIM/ns-3/src/ndnSIM/NFD/daemon -I/home/parth/Desktop/ndnSIM/ns-3/build/src/ndnSIM/NFD/rib -I/home/parth/Desktop/ndnSIM/ns-3/src/ndnSIM/NFD/rib -I/home/parth/Desktop/ndnSIM/ns-3/build/ns3/ndnSIM -I/home/parth/Desktop/ndnSIM/ns-3/ns3/ndnSIM -I/usr/local/include/ns3-dev -I/usr/include/libxml2 -I/usr/local/include/ns3-dev -L/usr/local/lib -Wl,-Bdynamic -lns3-dev-ndnSIM-debug -lboost_graph -lboost_thread -lboost_unit_test_framework -lboost_system -lboost_random -lboost_date_time -lboost_iostreams -lboost_regex -lboost_program_options -lboost_chrono -lboost_filesystem -lboost_system -lboost_filesystem -lsqlite3 -lrt -lpthread -lssl -lcrypto -Wl,-Bdynamic -lns3-dev-topology-read-debug -Wl,-Bdynamic -lns3-dev-point-to-point-layout-debug -Wl,-Bdynamic -lns3-dev-point-to-point-debug -Wl,-Bdynamic -lns3-dev-csma-debug -Wl,-Bdynamic -lns3-dev-applications-debug -Wl,-Bdynamic -lns3-dev-internet-debug -Wl,-Bdynamic -lns3-dev-bridge-debug -Wl,-Bdynamic -lns3-dev-mpi-debug -Wl,-Bdynamic -lns3-dev-traffic-control-debug -Wl,-Bdynamic -lns3-dev-config-store-debug -lxml2 -Wl,-Bdynamic -lns3-dev-wifi-debug -Wl,-Bdynamic -lns3-dev-energy-debug -Wl,-Bdynamic -lns3-dev-spectrum-debug -Wl,-Bdynamic -lns3-dev-propagation-debug -Wl,-Bdynamic -lns3-dev-antenna-debug -Wl,-Bdynamic -lns3-dev-mobility-debug -Wl,-Bdynamic -lns3-dev-network-debug -Wl,-Bdynamic -lns3-dev-stats-debug -lsqlite3 -Wl,-Bdynamic -lns3-dev-core-debug -lrt -lpthread

yes
------------------------------------------
Checking for ns3-antenna
['/usr/bin/pkg-config', '--cflags', '--libs', 'libns3-dev-antenna-debug']
out: -pthread -I/usr/local/include/ns3-dev -L/usr/local/lib -Wl,-Bdynamic -lns3-dev-antenna-debug -Wl,-Bdynamic -lns3-dev-core-debug -lrt -lpthread

yes
------------------------------------------
Checking for ns3-aodv
['/usr/bin/pkg-config', '--cflags', '--libs', 'libns3-dev-aodv-debug']
out: -pthread -I/usr/local/include/ns3-dev -L/usr/local/lib -Wl,-Bdynamic -lns3-dev-aodv-debug -Wl,-Bdynamic -lns3-dev-internet-debug -Wl,-Bdynamic -lns3-dev-bridge-debug -Wl,-Bdynamic -lns3-dev-mpi-debug -Wl,-Bdynamic -lns3-dev-traffic-control-debug -Wl,-Bdynamic -lns3-dev-wifi-debug -Wl,-Bdynamic -lns3-dev-energy-debug -Wl,-Bdynamic -lns3-dev-spectrum-debug -Wl,-Bdynamic -lns3-dev-propagation-debug -Wl,-Bdynamic -lns3-dev-antenna-debug -Wl,-Bdynamic -lns3-dev-mobility-debug -Wl,-Bdynamic -lns3-dev-network-debug -Wl,-Bdynamic -lns3-dev-stats-debug -lsqlite3 -Wl,-Bdynamic -lns3-dev-core-debug -lrt -lpthread

yes
------------------------------------------
Checking for ns3-bridge
['/usr/bin/pkg-config', '--cflags', '--libs', 'libns3-dev-bridge-debug']
out: -pthread -I/usr/local/include/ns3-dev -L/usr/local/lib -Wl,-Bdynamic -lns3-dev-bridge-debug -Wl,-Bdynamic -lns3-dev-network-debug -Wl,-Bdynamic -lns3-dev-stats-debug -lsqlite3 -Wl,-Bdynamic -lns3-dev-core-debug -lrt -lpthread

yes
------------------------------------------
Checking for ns3-brite
['/usr/bin/pkg-config', '--cflags', '--libs', 'libns3-dev-brite-debug']
err: Package libns3-dev-brite-debug was not found in the pkg-config search path.
Perhaps you should add the directory containing `libns3-dev-brite-debug.pc'
to the PKG_CONFIG_PATH environment variable
No package 'libns3-dev-brite-debug' found

not found
from /home/parth/Desktop/ndnSIM/NDN-VANET-IFA: The configuration failed
------------------------------------------
Checking for ns3-buildings
['/usr/bin/pkg-config', '--cflags', '--libs', 'libns3-dev-buildings-debug']
out: -pthread -I/usr/local/include/ns3-dev -I/usr/include/libxml2 -I/usr/local/include/ns3-dev -L/usr/local/lib -Wl,-Bdynamic -lns3-dev-buildings-debug -Wl,-Bdynamic -lns3-dev-propagation-debug -Wl,-Bdynamic -lns3-dev-mobility-debug -Wl,-Bdynamic -lns3-dev-config-store-debug -lxml2 -Wl,-Bdynamic -lns3-dev-network-debug -Wl,-Bdynamic -lns3-dev-stats-debug -lsqlite3 -Wl,-Bdynamic -lns3-dev-core-debug -lrt -lpthread

yes
------------------------------------------
Checking for ns3-click
['/usr/bin/pkg-config', '--cflags', '--libs', 'libns3-dev-click-debug']
err: Package libns3-dev-click-debug was not found in the pkg-config search path.
Perhaps you should add the directory containing `libns3-dev-click-debug.pc'
to the PKG_CONFIG_PATH environment variable
No package 'libns3-dev-click-debug' found

not found
from /home/parth/Desktop/ndnSIM/NDN-VANET-IFA: The configuration failed
------------------------------------------
Checking for ns3-config-store
['/usr/bin/pkg-config', '--cflags', '--libs', 'libns3-dev-config-store-debug']
out: -pthread -I/usr/local/include/ns3-dev -I/usr/include/libxml2 -I/usr/local/include/ns3-dev -L/usr/local/lib -Wl,-Bdynamic -lns3-dev-config-store-debug -lxml2 -Wl,-Bdynamic -lns3-dev-network-debug -Wl,-Bdynamic -lns3-dev-stats-debug -lsqlite3 -Wl,-Bdynamic -lns3-dev-core-debug -lrt -lpthread

yes
------------------------------------------
Checking for ns3-csma
['/usr/bin/pkg-config', '--cflags', '--libs', 'libns3-dev-csma-debug']
out: -pthread -I/usr/local/include/ns3-dev -L/usr/local/lib -Wl,-Bdynamic -lns3-dev-csma-debug -Wl,-Bdynamic -lns3-dev-network-debug -Wl,-Bdynamic -lns3-dev-stats-debug -lsqlite3 -Wl,-Bdynamic -lns3-dev-core-debug -lrt -lpthread

yes
------------------------------------------
Checking for ns3-csma-layout
['/usr/bin/pkg-config', '--cflags', '--libs', 'libns3-dev-csma-layout-debug']
out: -pthread -I/usr/local/include/ns3-dev -L/usr/local/lib -Wl,-Bdynamic -lns3-dev-csma-layout-debug -Wl,-Bdynamic -lns3-dev-csma-debug -Wl,-Bdynamic -lns3-dev-internet-debug -Wl,-Bdynamic -lns3-dev-bridge-debug -Wl,-Bdynamic -lns3-dev-mpi-debug -Wl,-Bdynamic -lns3-dev-traffic-control-debug -Wl,-Bdynamic -lns3-dev-network-debug -Wl,-Bdynamic -lns3-dev-stats-debug -lsqlite3 -Wl,-Bdynamic -lns3-dev-core-debug -lrt -lpthread

yes
------------------------------------------
Checking for ns3-dsdv
['/usr/bin/pkg-config', '--cflags', '--libs', 'libns3-dev-dsdv-debug']
out: -pthread -I/usr/local/include/ns3-dev -L/usr/local/lib -Wl,-Bdynamic -lns3-dev-dsdv-debug -Wl,-Bdynamic -lns3-dev-internet-debug -Wl,-Bdynamic -lns3-dev-bridge-debug -Wl,-Bdynamic -lns3-dev-mpi-debug -Wl,-Bdynamic -lns3-dev-traffic-control-debug -Wl,-Bdynamic -lns3-dev-network-debug -Wl,-Bdynamic -lns3-dev-stats-debug -lsqlite3 -Wl,-Bdynamic -lns3-dev-core-debug -lrt -lpthread

yes
------------------------------------------
Checking for ns3-dsr
['/usr/bin/pkg-config', '--cflags', '--libs', 'libns3-dev-dsr-debug']
out: -pthread -I/usr/local/include/ns3-dev -L/usr/local/lib -Wl,-Bdynamic -lns3-dev-dsr-debug -Wl,-Bdynamic -lns3-dev-internet-debug -Wl,-Bdynamic -lns3-dev-bridge-debug -Wl,-Bdynamic -lns3-dev-mpi-debug -Wl,-Bdynamic -lns3-dev-traffic-control-debug -Wl,-Bdynamic -lns3-dev-wifi-debug -Wl,-Bdynamic -lns3-dev-energy-debug -Wl,-Bdynamic -lns3-dev-spectrum-debug -Wl,-Bdynamic -lns3-dev-propagation-debug -Wl,-Bdynamic -lns3-dev-antenna-debug -Wl,-Bdynamic -lns3-dev-mobility-debug -Wl,-Bdynamic -lns3-dev-network-debug -Wl,-Bdynamic -lns3-dev-stats-debug -lsqlite3 -Wl,-Bdynamic -lns3-dev-core-debug -lrt -lpthread

yes
------------------------------------------
Checking for ns3-emu
['/usr/bin/pkg-config', '--cflags', '--libs', 'libns3-dev-emu-debug']
err: Package libns3-dev-emu-debug was not found in the pkg-config search path.
Perhaps you should add the directory containing `libns3-dev-emu-debug.pc'
to the PKG_CONFIG_PATH environment variable
No package 'libns3-dev-emu-debug' found

not found
from /home/parth/Desktop/ndnSIM/NDN-VANET-IFA: The configuration failed
------------------------------------------
Checking for ns3-energy
['/usr/bin/pkg-config', '--cflags', '--libs', 'libns3-dev-energy-debug']
out: -pthread -I/usr/local/include/ns3-dev -L/usr/local/lib -Wl,-Bdynamic -lns3-dev-energy-debug -Wl,-Bdynamic -lns3-dev-network-debug -Wl,-Bdynamic -lns3-dev-stats-debug -lsqlite3 -Wl,-Bdynamic -lns3-dev-core-debug -lrt -lpthread

yes
------------------------------------------
Checking for ns3-fd-net-device
['/usr/bin/pkg-config', '--cflags', '--libs', 'libns3-dev-fd-net-device-debug']
out: -pthread -I/usr/local/include/ns3-dev -L/usr/local/lib -Wl,-Bdynamic -lns3-dev-fd-net-device-debug -Wl,-Bdynamic -lns3-dev-network-debug -Wl,-Bdynamic -lns3-dev-stats-debug -lsqlite3 -Wl,-Bdynamic -lns3-dev-core-debug -lrt -lpthread

yes
------------------------------------------
Checking for ns3-flow-monitor
['/usr/bin/pkg-config', '--cflags', '--libs', 'libns3-dev-flow-monitor-debug']
out: -pthread -I/usr/local/include/ns3-dev -I/usr/include/libxml2 -I/usr/local/include/ns3-dev -L/usr/local/lib -Wl,-Bdynamic -lns3-dev-flow-monitor-debug -Wl,-Bdynamic -lns3-dev-internet-debug -Wl,-Bdynamic -lns3-dev-bridge-debug -Wl,-Bdynamic -lns3-dev-mpi-debug -Wl,-Bdynamic -lns3-dev-traffic-control-debug -Wl,-Bdynamic -lns3-dev-config-store-debug -lxml2 -Wl,-Bdynamic -lns3-dev-network-debug -Wl,-Bdynamic -lns3-dev-stats-debug -lsqlite3 -Wl,-Bdynamic -lns3-dev-core-debug -lrt -lpthread

yes
------------------------------------------
Checking for ns3-internet
['/usr/bin/pkg-config', '--cflags', '--libs', 'libns3-dev-internet-debug']
out: -pthread -I/usr/local/include/ns3-dev -L/usr/local/lib -Wl,-Bdynamic -lns3-dev-internet-debug -Wl,-Bdynamic -lns3-dev-bridge-debug -Wl,-Bdynamic -lns3-dev-mpi-debug -Wl,-Bdynamic -lns3-dev-traffic-control-debug -Wl,-Bdynamic -lns3-dev-network-debug -Wl,-Bdynamic -lns3-dev-stats-debug -lsqlite3 -Wl,-Bdynamic -lns3-dev-core-debug -lrt -lpthread

yes
------------------------------------------
Checking for ns3-lte
['/usr/bin/pkg-config', '--cflags', '--libs', 'libns3-dev-lte-debug']
out: -pthread -I/usr/local/include/ns3-dev -I/usr/include/libxml2 -I/usr/local/include/ns3-dev -L/usr/local/lib -Wl,-Bdynamic -lns3-dev-lte-debug -Wl,-Bdynamic -lns3-dev-spectrum-debug -Wl,-Bdynamic -lns3-dev-antenna-debug -Wl,-Bdynamic -lns3-dev-buildings-debug -Wl,-Bdynamic -lns3-dev-propagation-debug -Wl,-Bdynamic -lns3-dev-mobility-debug -Wl,-Bdynamic -lns3-dev-virtual-net-device-debug -Wl,-Bdynamic -lns3-dev-point-to-point-debug -Wl,-Bdynamic -lns3-dev-applications-debug -Wl,-Bdynamic -lns3-dev-config-store-debug -lxml2 -Wl,-Bdynamic -lns3-dev-internet-debug -Wl,-Bdynamic -lns3-dev-bridge-debug -Wl,-Bdynamic -lns3-dev-mpi-debug -Wl,-Bdynamic -lns3-dev-traffic-control-debug -Wl,-Bdynamic -lns3-dev-csma-debug -Wl,-Bdynamic -lns3-dev-fd-net-device-debug -Wl,-Bdynamic -lns3-dev-network-debug -Wl,-Bdynamic -lns3-dev-stats-debug -lsqlite3 -Wl,-Bdynamic -lns3-dev-core-debug -lrt -lpthread

yes
------------------------------------------
Checking for ns3-mesh
['/usr/bin/pkg-config', '--cflags', '--libs', 'libns3-dev-mesh-debug']
out: -pthread -I/usr/local/include/ns3-dev -L/usr/local/lib -Wl,-Bdynamic -lns3-dev-mesh-debug -Wl,-Bdynamic -lns3-dev-internet-debug -Wl,-Bdynamic -lns3-dev-bridge-debug -Wl,-Bdynamic -lns3-dev-mpi-debug -Wl,-Bdynamic -lns3-dev-traffic-control-debug -Wl,-Bdynamic -lns3-dev-wifi-debug -Wl,-Bdynamic -lns3-dev-energy-debug -Wl,-Bdynamic -lns3-dev-spectrum-debug -Wl,-Bdynamic -lns3-dev-propagation-debug -Wl,-Bdynamic -lns3-dev-antenna-debug -Wl,-Bdynamic -lns3-dev-mobility-debug -Wl,-Bdynamic -lns3-dev-network-debug -Wl,-Bdynamic -lns3-dev-stats-debug -lsqlite3 -Wl,-Bdynamic -lns3-dev-core-debug -lrt -lpthread

yes
------------------------------------------
Checking for ns3-mpi
['/usr/bin/pkg-config', '--cflags', '--libs', 'libns3-dev-mpi-debug']
out: -pthread -I/usr/local/include/ns3-dev -L/usr/local/lib -Wl,-Bdynamic -lns3-dev-mpi-debug -Wl,-Bdynamic -lns3-dev-network-debug -Wl,-Bdynamic -lns3-dev-stats-debug -lsqlite3 -Wl,-Bdynamic -lns3-dev-core-debug -lrt -lpthread

yes
------------------------------------------
Checking for ns3-netanim
['/usr/bin/pkg-config', '--cflags', '--libs', 'libns3-dev-netanim-debug']
out: -pthread -I/usr/local/include/ns3-dev -I/usr/include/libxml2 -I/usr/local/include/ns3-dev -L/usr/local/lib -Wl,-Bdynamic -lns3-dev-netanim-debug -Wl,-Bdynamic -lns3-dev-wimax-debug -Wl,-Bdynamic -lns3-dev-lte-debug -Wl,-Bdynamic -lns3-dev-buildings-debug -Wl,-Bdynamic -lns3-dev-virtual-net-device-debug -Wl,-Bdynamic -lns3-dev-applications-debug -Wl,-Bdynamic -lns3-dev-config-store-debug -lxml2 -Wl,-Bdynamic -lns3-dev-csma-debug -Wl,-Bdynamic -lns3-dev-fd-net-device-debug -Wl,-Bdynamic -lns3-dev-uan-debug -Wl,-Bdynamic -lns3-dev-lr-wpan-debug -Wl,-Bdynamic -lns3-dev-wave-debug -Wl,-Bdynamic -lns3-dev-wifi-debug -Wl,-Bdynamic -lns3-dev-energy-debug -Wl,-Bdynamic -lns3-dev-spectrum-debug -Wl,-Bdynamic -lns3-dev-antenna-debug -Wl,-Bdynamic -lns3-dev-propagation-debug -Wl,-Bdynamic -lns3-dev-point-to-point-layout-debug -Wl,-Bdynamic -lns3-dev-internet-debug -Wl,-Bdynamic -lns3-dev-bridge-debug -Wl,-Bdynamic -lns3-dev-traffic-control-debug -Wl,-Bdynamic -lns3-dev-point-to-point-debug -Wl,-Bdynamic -lns3-dev-mpi-debug -Wl,-Bdynamic -lns3-dev-mobility-debug -Wl,-Bdynamic -lns3-dev-network-debug -Wl,-Bdynamic -lns3-dev-stats-debug -lsqlite3 -Wl,-Bdynamic -lns3-dev-core-debug -lrt -lpthread

yes
------------------------------------------
Checking for ns3-nix-vector-routing
['/usr/bin/pkg-config', '--cflags', '--libs', 'libns3-dev-nix-vector-routing-debug']
out: -pthread -I/usr/local/include/ns3-dev -L/usr/local/lib -Wl,-Bdynamic -lns3-dev-nix-vector-routing-debug -Wl,-Bdynamic -lns3-dev-internet-debug -Wl,-Bdynamic -lns3-dev-bridge-debug -Wl,-Bdynamic -lns3-dev-mpi-debug -Wl,-Bdynamic -lns3-dev-traffic-control-debug -Wl,-Bdynamic -lns3-dev-network-debug -Wl,-Bdynamic -lns3-dev-stats-debug -lsqlite3 -Wl,-Bdynamic -lns3-dev-core-debug -lrt -lpthread

yes
------------------------------------------
Checking for ns3-olsr
['/usr/bin/pkg-config', '--cflags', '--libs', 'libns3-dev-olsr-debug']
out: -pthread -I/usr/local/include/ns3-dev -L/usr/local/lib -Wl,-Bdynamic -lns3-dev-olsr-debug -Wl,-Bdynamic -lns3-dev-internet-debug -Wl,-Bdynamic -lns3-dev-bridge-debug -Wl,-Bdynamic -lns3-dev-mpi-debug -Wl,-Bdynamic -lns3-dev-traffic-control-debug -Wl,-Bdynamic -lns3-dev-network-debug -Wl,-Bdynamic -lns3-dev-stats-debug -lsqlite3 -Wl,-Bdynamic -lns3-dev-core-debug -lrt -lpthread

yes
------------------------------------------
Checking for ns3-openflow
['/usr/bin/pkg-config', '--cflags', '--libs', 'libns3-dev-openflow-debug']
err: Package libns3-dev-openflow-debug was not found in the pkg-config search path.
Perhaps you should add the directory containing `libns3-dev-openflow-debug.pc'
to the PKG_CONFIG_PATH environment variable
No package 'libns3-dev-openflow-debug' found

not found
from /home/parth/Desktop/ndnSIM/NDN-VANET-IFA: The configuration failed
------------------------------------------
Checking for ns3-point-to-point-layout
['/usr/bin/pkg-config', '--cflags', '--libs', 'libns3-dev-point-to-point-layout-debug']
out: -pthread -I/usr/local/include/ns3-dev -L/usr/local/lib -Wl,-Bdynamic -lns3-dev-point-to-point-layout-debug -Wl,-Bdynamic -lns3-dev-internet-debug -Wl,-Bdynamic -lns3-dev-bridge-debug -Wl,-Bdynamic -lns3-dev-traffic-control-debug -Wl,-Bdynamic -lns3-dev-point-to-point-debug -Wl,-Bdynamic -lns3-dev-mpi-debug -Wl,-Bdynamic -lns3-dev-mobility-debug -Wl,-Bdynamic -lns3-dev-network-debug -Wl,-Bdynamic -lns3-dev-stats-debug -lsqlite3 -Wl,-Bdynamic -lns3-dev-core-debug -lrt -lpthread

yes
------------------------------------------
Checking for ns3-propagation
['/usr/bin/pkg-config', '--cflags', '--libs', 'libns3-dev-propagation-debug']
out: -pthread -I/usr/local/include/ns3-dev -L/usr/local/lib -Wl,-Bdynamic -lns3-dev-propagation-debug -Wl,-Bdynamic -lns3-dev-mobility-debug -Wl,-Bdynamic -lns3-dev-network-debug -Wl,-Bdynamic -lns3-dev-stats-debug -lsqlite3 -Wl,-Bdynamic -lns3-dev-core-debug -lrt -lpthread

yes
------------------------------------------
Checking for ns3-spectrum
['/usr/bin/pkg-config', '--cflags', '--libs', 'libns3-dev-spectrum-debug']
out: -pthread -I/usr/local/include/ns3-dev -L/usr/local/lib -Wl,-Bdynamic -lns3-dev-spectrum-debug -Wl,-Bdynamic -lns3-dev-propagation-debug -Wl,-Bdynamic -lns3-dev-mobility-debug -Wl,-Bdynamic -lns3-dev-network-debug -Wl,-Bdynamic -lns3-dev-stats-debug -lsqlite3 -Wl,-Bdynamic -lns3-dev-antenna-debug -Wl,-Bdynamic -lns3-dev-core-debug -lrt -lpthread

yes
------------------------------------------
Checking for ns3-stats
['/usr/bin/pkg-config', '--cflags', '--libs', 'libns3-dev-stats-debug']
out: -pthread -I/usr/local/include/ns3-dev -L/usr/local/lib -Wl,-Bdynamic -lns3-dev-stats-debug -lsqlite3 -Wl,-Bdynamic -lns3-dev-core-debug -lrt -lpthread

yes
------------------------------------------
Checking for ns3-tap-bridge
['/usr/bin/pkg-config', '--cflags', '--libs', 'libns3-dev-tap-bridge-debug']
out: -pthread -I/usr/local/include/ns3-dev -L/usr/local/lib -Wl,-Bdynamic -lns3-dev-tap-bridge-debug -Wl,-Bdynamic -lns3-dev-internet-debug -Wl,-Bdynamic -lns3-dev-bridge-debug -Wl,-Bdynamic -lns3-dev-mpi-debug -Wl,-Bdynamic -lns3-dev-traffic-control-debug -Wl,-Bdynamic -lns3-dev-network-debug -Wl,-Bdynamic -lns3-dev-stats-debug -lsqlite3 -Wl,-Bdynamic -lns3-dev-core-debug -lrt -lpthread

yes
------------------------------------------
Checking for ns3-topology-read
['/usr/bin/pkg-config', '--cflags', '--libs', 'libns3-dev-topology-read-debug']
out: -pthread -I/usr/local/include/ns3-dev -L/usr/local/lib -Wl,-Bdynamic -lns3-dev-topology-read-debug -Wl,-Bdynamic -lns3-dev-network-debug -Wl,-Bdynamic -lns3-dev-stats-debug -lsqlite3 -Wl,-Bdynamic -lns3-dev-core-debug -lrt -lpthread

yes
------------------------------------------
Checking for ns3-uan
['/usr/bin/pkg-config', '--cflags', '--libs', 'libns3-dev-uan-debug']
out: -pthread -I/usr/local/include/ns3-dev -L/usr/local/lib -Wl,-Bdynamic -lns3-dev-uan-debug -Wl,-Bdynamic -lns3-dev-energy-debug -Wl,-Bdynamic -lns3-dev-mobility-debug -Wl,-Bdynamic -lns3-dev-network-debug -Wl,-Bdynamic -lns3-dev-stats-debug -lsqlite3 -Wl,-Bdynamic -lns3-dev-core-debug -lrt -lpthread

yes
------------------------------------------
Checking for ns3-virtual-net-device
['/usr/bin/pkg-config', '--cflags', '--libs', 'libns3-dev-virtual-net-device-debug']
out: -pthread -I/usr/local/include/ns3-dev -L/usr/local/lib -Wl,-Bdynamic -lns3-dev-virtual-net-device-debug -Wl,-Bdynamic -lns3-dev-network-debug -Wl,-Bdynamic -lns3-dev-stats-debug -lsqlite3 -Wl,-Bdynamic -lns3-dev-core-debug -lrt -lpthread

yes
------------------------------------------
Checking for ns3-visualizer
['/usr/bin/pkg-config', '--cflags', '--libs', 'libns3-dev-visualizer-debug']
err: Package libns3-dev-visualizer-debug was not found in the pkg-config search path.
Perhaps you should add the directory containing `libns3-dev-visualizer-debug.pc'
to the PKG_CONFIG_PATH environment variable
No package 'libns3-dev-visualizer-debug' found

not found
from /home/parth/Desktop/ndnSIM/NDN-VANET-IFA: The configuration failed
------------------------------------------
Checking for ns3-wifi
['/usr/bin/pkg-config', '--cflags', '--libs', 'libns3-dev-wifi-debug']
out: -pthread -I/usr/local/include/ns3-dev -L/usr/local/lib -Wl,-Bdynamic -lns3-dev-wifi-debug -Wl,-Bdynamic -lns3-dev-energy-debug -Wl,-Bdynamic -lns3-dev-spectrum-debug -Wl,-Bdynamic -lns3-dev-propagation-debug -Wl,-Bdynamic -lns3-dev-antenna-debug -Wl,-Bdynamic -lns3-dev-mobility-debug -Wl,-Bdynamic -lns3-dev-network-debug -Wl,-Bdynamic -lns3-dev-stats-debug -lsqlite3 -Wl,-Bdynamic -lns3-dev-core-debug -lrt -lpthread

yes
------------------------------------------
Checking for ns3-wimax
['/usr/bin/pkg-config', '--cflags', '--libs', 'libns3-dev-wimax-debug']
out: -pthread -I/usr/local/include/ns3-dev -L/usr/local/lib -Wl,-Bdynamic -lns3-dev-wimax-debug -Wl,-Bdynamic -lns3-dev-internet-debug -Wl,-Bdynamic -lns3-dev-bridge-debug -Wl,-Bdynamic -lns3-dev-mpi-debug -Wl,-Bdynamic -lns3-dev-traffic-control-debug -Wl,-Bdynamic -lns3-dev-propagation-debug -Wl,-Bdynamic -lns3-dev-mobility-debug -Wl,-Bdynamic -lns3-dev-network-debug -Wl,-Bdynamic -lns3-dev-stats-debug -lsqlite3 -Wl,-Bdynamic -lns3-dev-core-debug -lrt -lpthread

yes
------------------------------------------
Checking supported CXXFLAGS
==>

int main(int argc, char **argv) {
	(void)argc; (void)argv;
	return 0;
}

<==
[1/2] Compiling [32mbuild/.conf_check_b762e450b3d14409eabfbb2286cddf2c/test.cpp[0m

['/usr/bin/g++', '-std=c++14', '-Werror', '-O0', '-DNS3_LOG_ENABLE', '-DHAVE_NS3_CORE=1', '-DHAVE_NS3_NETWORK=1', '-DHAVE_NS3_POINT_TO_POINT=1', '-DHAVE_NS3_APPLICATIONS=1', '-DHAVE_NS3_MOBILITY=1', '-DHAVE_NS3_NDNSIM=1', '-DHAVE_NS3_ANTENNA=1', '-DHAVE_NS3_AODV=1', '-DHAVE_NS3_BRIDGE=1', '-DHAVE_NS3_BUILDINGS=1', '-DHAVE_NS3_CONFIG_STORE=1', '-DHAVE_NS3_CSMA=1', '-DHAVE_NS3_CSMA_LAYOUT=1', '-DHAVE_NS3_DSDV=1', '-DHAVE_NS3_DSR=1', '-DHAVE_NS3_ENERGY=1', '-DHAVE_NS3_FD_NET_DEVICE=1', '-DHAVE_NS3_FLOW_MONITOR=1', '-DHAVE_NS3_INTERNET=1', '-DHAVE_NS3_LTE=1', '-DHAVE_NS3_MESH=1', '-DHAVE_NS3_MPI=1', '-DHAVE_NS3_NETANIM=1', '-DHAVE_NS3_NIX_VECTOR_ROUTING=1', '-DHAVE_NS3_OLSR=1', '-DHAVE_NS3_POINT_TO_POINT_LAYOUT=1', '-DHAVE_NS3_PROPAGATION=1', '-DHAVE_NS3_SPECTRUM=1', '-DHAVE_NS3_STATS=1', '-DHAVE_NS3_TAP_BRIDGE=1', '-DHAVE_NS3_TOPOLOGY_READ=1', '-DHAVE_NS3_UAN=1', '-DHAVE_NS3_VIRTUAL_NET_DEVICE=1', '-DHAVE_NS3_WIFI=1', '-DHAVE_NS3_WIMAX=1', '-DNS3_LOG_ENABLE=1', '-DNS3_ASSERT_ENABLE=1', '../test.cpp', '-c', '-o/home/parth/Desktop/ndnSIM/NDN-VANET-IFA/build/.conf_check_b762e450b3d14409eabfbb2286cddf2c/testbuild/test.cpp.1.o']
[2/2] Linking [33mbuild/.conf_check_b762e450b3d14409eabfbb2286cddf2c/testbuild/testprog[0m

['/usr/bin/g++', '-fuse-ld=gold', 'test.cpp.1.o', '-o/home/parth/Desktop/ndnSIM/NDN-VANET-IFA/build/.conf_check_b762e450b3d14409eabfbb2286cddf2c/testbuild/testprog', '-Wl,-Bstatic', '-Wl,-Bdynamic', '-Wl,--no-as-needed']
==>

int main(int argc, char **argv) {
	(void)argc; (void)argv;
	return 0;
}

<==
[1/2] Compiling [32mbuild/.conf_check_1bee6568529e960b187dfcce57b913de/test.cpp[0m

['/usr/bin/g++', '-std=c++14', '-Werror', '-Og', '-DNS3_LOG_ENABLE', '-DHAVE_NS3_CORE=1', '-DHAVE_NS3_NETWORK=1', '-DHAVE_NS3_POINT_TO_POINT=1', '-DHAVE_NS3_APPLICATIONS=1', '-DHAVE_NS3_MOBILITY=1', '-DHAVE_NS3_NDNSIM=1', '-DHAVE_NS3_ANTENNA=1', '-DHAVE_NS3_AODV=1', '-DHAVE_NS3_BRIDGE=1', '-DHAVE_NS3_BUILDINGS=1', '-DHAVE_NS3_CONFIG_STORE=1', '-DHAVE_NS3_CSMA=1', '-DHAVE_NS3_CSMA_LAYOUT=1', '-DHAVE_NS3_DSDV=1', '-DHAVE_NS3_DSR=1', '-DHAVE_NS3_ENERGY=1', '-DHAVE_NS3_FD_NET_DEVICE=1', '-DHAVE_NS3_FLOW_MONITOR=1', '-DHAVE_NS3_INTERNET=1', '-DHAVE_NS3_LTE=1', '-DHAVE_NS3_MESH=1', '-DHAVE_NS3_MPI=1', '-DHAVE_NS3_NETANIM=1', '-DHAVE_NS3_NIX_VECTOR_ROUTING=1', '-DHAVE_NS3_OLSR=1', '-DHAVE_NS3_POINT_TO_POINT_LAYOUT=1', '-DHAVE_NS3_PROPAGATION=1', '-DHAVE_NS3_SPECTRUM=1', '-DHAVE_NS3_STATS=1', '-DHAVE_NS3_TAP_BRIDGE=1', '-DHAVE_NS3_TOPOLOGY_READ=1', '-DHAVE_NS3_UAN=1', '-DHAVE_NS3_VIRTUAL_NET_DEVICE=1', '-DHAVE_NS3_WIFI=1', '-DHAVE_NS3_WIMAX=1', '-DNS3_LOG_ENABLE=1', '-DNS3_ASSERT_ENABLE=1', '../test.cpp', '-c', '-o/home/parth/Desktop/ndnSIM/NDN-VANET-IFA/build/.conf_check_1bee6568529e960b187dfcce57b913de/testbuild/test.cpp.1.o']
[2/2] Linking [33mbuild/.conf_check_1bee6568529e960b187dfcce57b913de/testbuild/testprog[0m

['/usr/bin/g++', '-fuse-ld=gold', 'test.cpp.1.o', '-o/home/parth/Desktop/ndnSIM/NDN-VANET-IFA/build/.conf_check_1bee6568529e960b187dfcce57b913de/testbuild/testprog', '-Wl,-Bstatic', '-Wl,-Bdynamic', '-Wl,--no-as-needed']
==>

int main(int argc, char **argv) {
	(void)argc; (void)argv;
	return 0;
}

<==
[1/2] Compiling [32mbuild/.conf_check_aa8f57f1cd8d52a3f60766ad353ee34e/test.cpp[0m

['/usr/bin/g++', '-std=c++14', '-Werror', '-g3', '-DNS3_LOG_ENABLE', '-DHAVE_NS3_CORE=1', '-DHAVE_NS3_NETWORK=1', '-DHAVE_NS3_POINT_TO_POINT=1', '-DHAVE_NS3_APPLICATIONS=1', '-DHAVE_NS3_MOBILITY=1', '-DHAVE_NS3_NDNSIM=1', '-DHAVE_NS3_ANTENNA=1', '-DHAVE_NS3_AODV=1', '-DHAVE_NS3_BRIDGE=1', '-DHAVE_NS3_BUILDINGS=1', '-DHAVE_NS3_CONFIG_STORE=1', '-DHAVE_NS3_CSMA=1', '-DHAVE_NS3_CSMA_LAYOUT=1', '-DHAVE_NS3_DSDV=1', '-DHAVE_NS3_DSR=1', '-DHAVE_NS3_ENERGY=1', '-DHAVE_NS3_FD_NET_DEVICE=1', '-DHAVE_NS3_FLOW_MONITOR=1', '-DHAVE_NS3_INTERNET=1', '-DHAVE_NS3_LTE=1', '-DHAVE_NS3_MESH=1', '-DHAVE_NS3_MPI=1', '-DHAVE_NS3_NETANIM=1', '-DHAVE_NS3_NIX_VECTOR_ROUTING=1', '-DHAVE_NS3_OLSR=1', '-DHAVE_NS3_POINT_TO_POINT_LAYOUT=1', '-DHAVE_NS3_PROPAGATION=1', '-DHAVE_NS3_SPECTRUM=1', '-DHAVE_NS3_STATS=1', '-DHAVE_NS3_TAP_BRIDGE=1', '-DHAVE_NS3_TOPOLOGY_READ=1', '-DHAVE_NS3_UAN=1', '-DHAVE_NS3_VIRTUAL_NET_DEVICE=1', '-DHAVE_NS3_WIFI=1', '-DHAVE_NS3_WIMAX=1', '-DNS3_LOG_ENABLE=1', '-DNS3_ASSERT_ENABLE=1', '../test.cpp', '-c', '-o/home/parth/Desktop/ndnSIM/NDN-VANET-IFA/build/.conf_check_aa8f57f1cd8d52a3f60766ad353ee34e/testbuild/test.cpp.1.o']
[2/2] Linking [33mbuild/.conf_check_aa8f57f1cd8d52a3f60766ad353ee34e/testbuild/testprog[0m

['/usr/bin/g++', '-fuse-ld=gold', 'test.cpp.1.o', '-o/home/parth/Desktop/ndnSIM/NDN-VANET-IFA/build/.conf_check_aa8f57f1cd8d52a3f60766ad353ee34e/testbuild/testprog', '-Wl,-Bstatic', '-Wl,-Bdynamic', '-Wl,--no-as-needed']
==>

int main(int argc, char **argv) {
	(void)argc; (void)argv;
	return 0;
}

<==
[1/2] Compiling [32mbuild/.conf_check_02ef6c97dae36a289f8d13ad796280e8/test.cpp[0m

['/usr/bin/g++', '-std=c++14', '-Werror', '-pedantic', '-DNS3_LOG_ENABLE', '-DHAVE_NS3_CORE=1', '-DHAVE_NS3_NETWORK=1', '-DHAVE_NS3_POINT_TO_POINT=1', '-DHAVE_NS3_APPLICATIONS=1', '-DHAVE_NS3_MOBILITY=1', '-DHAVE_NS3_NDNSIM=1', '-DHAVE_NS3_ANTENNA=1', '-DHAVE_NS3_AODV=1', '-DHAVE_NS3_BRIDGE=1', '-DHAVE_NS3_BUILDINGS=1', '-DHAVE_NS3_CONFIG_STORE=1', '-DHAVE_NS3_CSMA=1', '-DHAVE_NS3_CSMA_LAYOUT=1', '-DHAVE_NS3_DSDV=1', '-DHAVE_NS3_DSR=1', '-DHAVE_NS3_ENERGY=1', '-DHAVE_NS3_FD_NET_DEVICE=1', '-DHAVE_NS3_FLOW_MONITOR=1', '-DHAVE_NS3_INTERNET=1', '-DHAVE_NS3_LTE=1', '-DHAVE_NS3_MESH=1', '-DHAVE_NS3_MPI=1', '-DHAVE_NS3_NETANIM=1', '-DHAVE_NS3_NIX_VECTOR_ROUTING=1', '-DHAVE_NS3_OLSR=1', '-DHAVE_NS3_POINT_TO_POINT_LAYOUT=1', '-DHAVE_NS3_PROPAGATION=1', '-DHAVE_NS3_SPECTRUM=1', '-DHAVE_NS3_STATS=1', '-DHAVE_NS3_TAP_BRIDGE=1', '-DHAVE_NS3_TOPOLOGY_READ=1', '-DHAVE_NS3_UAN=1', '-DHAVE_NS3_VIRTUAL_NET_DEVICE=1', '-DHAVE_NS3_WIFI=1', '-DHAVE_NS3_WIMAX=1', '-DNS3_LOG_ENABLE=1', '-DNS3_ASSERT_ENABLE=1', '../test.cpp', '-c', '-o/home/parth/Desktop/ndnSIM/NDN-VANET-IFA/build/.conf_check_02ef6c97dae36a289f8d13ad796280e8/testbuild/test.cpp.1.o']
[2/2] Linking [33mbuild/.conf_check_02ef6c97dae36a289f8d13ad796280e8/testbuild/testprog[0m

['/usr/bin/g++', '-fuse-ld=gold', 'test.cpp.1.o', '-o/home/parth/Desktop/ndnSIM/NDN-VANET-IFA/build/.conf_check_02ef6c97dae36a289f8d13ad796280e8/testbuild/testprog', '-Wl,-Bstatic', '-Wl,-Bdynamic', '-Wl,--no-as-needed']
==>

int main(int argc, char **argv) {
	(void)argc; (void)argv;
	return 0;
}

<==
[1/2] Compiling [32mbuild/.conf_check_c7f69cc65baa164fdef55f88f6c38838/test.cpp[0m

['/usr/bin/g++', '-std=c++14', '-Werror', '-Wall', '-DNS3_LOG_ENABLE', '-DHAVE_NS3_CORE=1', '-DHAVE_NS3_NETWORK=1', '-DHAVE_NS3_POINT_TO_POINT=1', '-DHAVE_NS3_APPLICATIONS=1', '-DHAVE_NS3_MOBILITY=1', '-DHAVE_NS3_NDNSIM=1', '-DHAVE_NS3_ANTENNA=1', '-DHAVE_NS3_AODV=1', '-DHAVE_NS3_BRIDGE=1', '-DHAVE_NS3_BUILDINGS=1', '-DHAVE_NS3_CONFIG_STORE=1', '-DHAVE_NS3_CSMA=1', '-DHAVE_NS3_CSMA_LAYOUT=1', '-DHAVE_NS3_DSDV=1', '-DHAVE_NS3_DSR=1', '-DHAVE_NS3_ENERGY=1', '-DHAVE_NS3_FD_NET_DEVICE=1', '-DHAVE_NS3_FLOW_MONITOR=1', '-DHAVE_NS3_INTERNET=1', '-DHAVE_NS3_LTE=1', '-DHAVE_NS3_MESH=1', '-DHAVE_NS3_MPI=1', '-DHAVE_NS3_NETANIM=1', '-DHAVE_NS3_NIX_VECTOR_ROUTING=1', '-DHAVE_NS3_OLSR=1', '-DHAVE_NS3_POINT_TO_POINT_LAYOUT=1', '-DHAVE_NS3_PROPAGATION=1', '-DHAVE_NS3_SPECTRUM=1', '-DHAVE_NS3_STATS=1', '-DHAVE_NS3_TAP_BRIDGE=1', '-DHAVE_NS3_TOPOLOGY_READ=1', '-DHAVE_NS3_UAN=1', '-DHAVE_NS3_VIRTUAL_NET_DEVICE=1', '-DHAVE_NS3_WIFI=1', '-DHAVE_NS3_WIMAX=1', '-DNS3_LOG_ENABLE=1', '-DNS3_ASSERT_ENABLE=1', '../test.cpp', '-c', '-o/home/parth/Desktop/ndnSIM/NDN-VANET-IFA/build/.conf_check_c7f69cc65baa164fdef55f88f6c38838/testbuild/test.cpp.1.o']
[2/2] Linking [33mbuild/.conf_check_c7f69cc65baa164fdef55f88f6c38838/testbuild/testprog[0m

['/usr/bin/g++', '-fuse-ld=gold', 'test.cpp.1.o', '-o/home/parth/Desktop/ndnSIM/NDN-VANET-IFA/build/.conf_check_c7f69cc65baa164fdef55f88f6c38838/testbuild/testprog', '-Wl,-Bstatic', '-Wl,-Bdynamic', '-Wl,--no-as-needed']
==>

int main(int argc, char **argv) {
	(void)argc; (void)argv;
	return 0;
}

<==
[1/2] Compiling [32mbuild/.conf_check_276a70b22cb28dd9f3329c82b29824b3/test.cpp[0m

['/usr/bin/g++', '-std=c++14', '-Werror', '-Wextra', '-DNS3_LOG_ENABLE', '-DHAVE_NS3_CORE=1', '-DHAVE_NS3_NETWORK=1', '-DHAVE_NS3_POINT_TO_POINT=1', '-DHAVE_NS3_APPLICATIONS=1', '-DHAVE_NS3_MOBILITY=1', '-DHAVE_NS3_NDNSIM=1', '-DHAVE_NS3_ANTENNA=1', '-DHAVE_NS3_AODV=1', '-DHAVE_NS3_BRIDGE=1', '-DHAVE_NS3_BUILDINGS=1', '-DHAVE_NS3_CONFIG_STORE=1', '-DHAVE_NS3_CSMA=1', '-DHAVE_NS3_CSMA_LAYOUT=1', '-DHAVE_NS3_DSDV=1', '-DHAVE_NS3_DSR=1', '-DHAVE_NS3_ENERGY=1', '-DHAVE_NS3_FD_NET_DEVICE=1', '-DHAVE_NS3_FLOW_MONITOR=1', '-DHAVE_NS3_INTERNET=1', '-DHAVE_NS3_LTE=1', '-DHAVE_NS3_MESH=1', '-DHAVE_NS3_MPI=1', '-DHAVE_NS3_NETANIM=1', '-DHAVE_NS3_NIX_VECTOR_ROUTING=1', '-DHAVE_NS3_OLSR=1', '-DHAVE_NS3_POINT_TO_POINT_LAYOUT=1', '-DHAVE_NS3_PROPAGATION=1', '-DHAVE_NS3_SPECTRUM=1', '-DHAVE_NS3_STATS=1', '-DHAVE_NS3_TAP_BRIDGE=1', '-DHAVE_NS3_TOPOLOGY_READ=1', '-DHAVE_NS3_UAN=1', '-DHAVE_NS3_VIRTUAL_NET_DEVICE=1', '-DHAVE_NS3_WIFI=1', '-DHAVE_NS3_WIMAX=1', '-DNS3_LOG_ENABLE=1', '-DNS3_ASSERT_ENABLE=1', '../test.cpp', '-c', '-o/home/parth/Desktop/ndnSIM/NDN-VANET-IFA/build/.conf_check_276a70b22cb28dd9f3329c82b29824b3/testbuild/test.cpp.1.o']
[2/2] Linking [33mbuild/.conf_check_276a70b22cb28dd9f3329c82b29824b3/testbuild/testprog[0m

['/usr/bin/g++', '-fuse-ld=gold', 'test.cpp.1.o', '-o/home/parth/Desktop/ndnSIM/NDN-VANET-IFA/build/.conf_check_276a70b22cb28dd9f3329c82b29824b3/testbuild/testprog', '-Wl,-Bstatic', '-Wl,-Bdynamic', '-Wl,--no-as-needed']
==>

int main(int argc, char **argv) {
	(void)argc; (void)argv;
	return 0;
}

<==
[1/2] Compiling [32mbuild/.conf_check_a6ab9d46d24dcbe5192d213a7800722b/test.cpp[0m

['/usr/bin/g++', '-std=c++14', '-Werror', '-Wnon-virtual-dtor', '-DNS3_LOG_ENABLE', '-DHAVE_NS3_CORE=1', '-DHAVE_NS3_NETWORK=1', '-DHAVE_NS3_POINT_TO_POINT=1', '-DHAVE_NS3_APPLICATIONS=1', '-DHAVE_NS3_MOBILITY=1', '-DHAVE_NS3_NDNSIM=1', '-DHAVE_NS3_ANTENNA=1', '-DHAVE_NS3_AODV=1', '-DHAVE_NS3_BRIDGE=1', '-DHAVE_NS3_BUILDINGS=1', '-DHAVE_NS3_CONFIG_STORE=1', '-DHAVE_NS3_CSMA=1', '-DHAVE_NS3_CSMA_LAYOUT=1', '-DHAVE_NS3_DSDV=1', '-DHAVE_NS3_DSR=1', '-DHAVE_NS3_ENERGY=1', '-DHAVE_NS3_FD_NET_DEVICE=1', '-DHAVE_NS3_FLOW_MONITOR=1', '-DHAVE_NS3_INTERNET=1', '-DHAVE_NS3_LTE=1', '-DHAVE_NS3_MESH=1', '-DHAVE_NS3_MPI=1', '-DHAVE_NS3_NETANIM=1', '-DHAVE_NS3_NIX_VECTOR_ROUTING=1', '-DHAVE_NS3_OLSR=1', '-DHAVE_NS3_POINT_TO_POINT_LAYOUT=1', '-DHAVE_NS3_PROPAGATION=1', '-DHAVE_NS3_SPECTRUM=1', '-DHAVE_NS3_STATS=1', '-DHAVE_NS3_TAP_BRIDGE=1', '-DHAVE_NS3_TOPOLOGY_READ=1', '-DHAVE_NS3_UAN=1', '-DHAVE_NS3_VIRTUAL_NET_DEVICE=1', '-DHAVE_NS3_WIFI=1', '-DHAVE_NS3_WIMAX=1', '-DNS3_LOG_ENABLE=1', '-DNS3_ASSERT_ENABLE=1', '../test.cpp', '-c', '-o/home/parth/Desktop/ndnSIM/NDN-VANET-IFA/build/.conf_check_a6ab9d46d24dcbe5192d213a7800722b/testbuild/test.cpp.1.o']
[2/2] Linking [33mbuild/.conf_check_a6ab9d46d24dcbe5192d213a7800722b/testbuild/testprog[0m

['/usr/bin/g++', '-fuse-ld=gold', 'test.cpp.1.o', '-o/home/parth/Desktop/ndnSIM/NDN-VANET-IFA/build/.conf_check_a6ab9d46d24dcbe5192d213a7800722b/testbuild/testprog', '-Wl,-Bstatic', '-Wl,-Bdynamic', '-Wl,--no-as-needed']
==>

int main(int argc, char **argv) {
	(void)argc; (void)argv;
	return 0;
}

<==
[1/2] Compiling [32mbuild/.conf_check_7596ea864893dd44fd29df14aa47a83c/test.cpp[0m

['/usr/bin/g++', '-std=c++14', '-Werror', '-Wno-error=deprecated-declarations', '-DNS3_LOG_ENABLE', '-DHAVE_NS3_CORE=1', '-DHAVE_NS3_NETWORK=1', '-DHAVE_NS3_POINT_TO_POINT=1', '-DHAVE_NS3_APPLICATIONS=1', '-DHAVE_NS3_MOBILITY=1', '-DHAVE_NS3_NDNSIM=1', '-DHAVE_NS3_ANTENNA=1', '-DHAVE_NS3_AODV=1', '-DHAVE_NS3_BRIDGE=1', '-DHAVE_NS3_BUILDINGS=1', '-DHAVE_NS3_CONFIG_STORE=1', '-DHAVE_NS3_CSMA=1', '-DHAVE_NS3_CSMA_LAYOUT=1', '-DHAVE_NS3_DSDV=1', '-DHAVE_NS3_DSR=1', '-DHAVE_NS3_ENERGY=1', '-DHAVE_NS3_FD_NET_DEVICE=1', '-DHAVE_NS3_FLOW_MONITOR=1', '-DHAVE_NS3_INTERNET=1', '-DHAVE_NS3_LTE=1', '-DHAVE_NS3_MESH=1', '-DHAVE_NS3_MPI=1', '-DHAVE_NS3_NETANIM=1', '-DHAVE_NS3_NIX_VECTOR_ROUTING=1', '-DHAVE_NS3_OLSR=1', '-DHAVE_NS3_POINT_TO_POINT_LAYOUT=1', '-DHAVE_NS3_PROPAGATION=1', '-DHAVE_NS3_SPECTRUM=1', '-DHAVE_NS3_STATS=1', '-DHAVE_NS3_TAP_BRIDGE=1', '-DHAVE_NS3_TOPOLOGY_READ=1', '-DHAVE_NS3_UAN=1', '-DHAVE_NS3_VIRTUAL_NET_DEVICE=1', '-DHAVE_NS3_WIFI=1', '-DHAVE_NS3_WIMAX=1', '-DNS3_LOG_ENABLE=1', '-DNS3_ASSERT_ENABLE=1', '../test.cpp', '-c', '-o/home/parth/Desktop/ndnSIM/NDN-VANET-IFA/build/.conf_check_7596ea864893dd44fd29df14aa47a83c/testbuild/test.cpp.1.o']
[2/2] Linking [33mbuild/.conf_check_7596ea864893dd44fd29df14aa47a83c/testbuild/testprog[0m

['/usr/bin/g++', '-fuse-ld=gold', 'test.cpp.1.o', '-o/home/parth/Desktop/ndnSIM/NDN-VANET-IFA/build/.conf_check_7596ea864893dd44fd29df14aa47a83c/testbuild/testprog', '-Wl,-Bstatic', '-Wl,-Bdynamic', '-Wl,--no-as-needed']
==>

int main(int argc, char **argv) {
	(void)argc; (void)argv;
	return 0;
}

<==
[1/2] Compiling [32mbuild/.conf_check_0bb22524315c5b583cec70432150bab1/test.cpp[0m

['/usr/bin/g++', '-std=c++14', '-Werror', '-Wno-error=maybe-uninitialized', '-DNS3_LOG_ENABLE', '-DHAVE_NS3_CORE=1', '-DHAVE_NS3_NETWORK=1', '-DHAVE_NS3_POINT_TO_POINT=1', '-DHAVE_NS3_APPLICATIONS=1', '-DHAVE_NS3_MOBILITY=1', '-DHAVE_NS3_NDNSIM=1', '-DHAVE_NS3_ANTENNA=1', '-DHAVE_NS3_AODV=1', '-DHAVE_NS3_BRIDGE=1', '-DHAVE_NS3_BUILDINGS=1', '-DHAVE_NS3_CONFIG_STORE=1', '-DHAVE_NS3_CSMA=1', '-DHAVE_NS3_CSMA_LAYOUT=1', '-DHAVE_NS3_DSDV=1', '-DHAVE_NS3_DSR=1', '-DHAVE_NS3_ENERGY=1', '-DHAVE_NS3_FD_NET_DEVICE=1', '-DHAVE_NS3_FLOW_MONITOR=1', '-DHAVE_NS3_INTERNET=1', '-DHAVE_NS3_LTE=1', '-DHAVE_NS3_MESH=1', '-DHAVE_NS3_MPI=1', '-DHAVE_NS3_NETANIM=1', '-DHAVE_NS3_NIX_VECTOR_ROUTING=1', '-DHAVE_NS3_OLSR=1', '-DHAVE_NS3_POINT_TO_POINT_LAYOUT=1', '-DHAVE_NS3_PROPAGATION=1', '-DHAVE_NS3_SPECTRUM=1', '-DHAVE_NS3_STATS=1', '-DHAVE_NS3_TAP_BRIDGE=1', '-DHAVE_NS3_TOPOLOGY_READ=1', '-DHAVE_NS3_UAN=1', '-DHAVE_NS3_VIRTUAL_NET_DEVICE=1', '-DHAVE_NS3_WIFI=1', '-DHAVE_NS3_WIMAX=1', '-DNS3_LOG_ENABLE=1', '-DNS3_ASSERT_ENABLE=1', '../test.cpp', '-c', '-o/home/parth/Desktop/ndnSIM/NDN-VANET-IFA/build/.conf_check_0bb22524315c5b583cec70432150bab1/testbuild/test.cpp.1.o']
[2/2] Linking [33mbuild/.conf_check_0bb22524315c5b583cec70432150bab1/testbuild/testprog[0m

['/usr/bin/g++', '-fuse-ld=gold', 'test.cpp.1.o', '-o/home/parth/Desktop/ndnSIM/NDN-VANET-IFA/build/.conf_check_0bb22524315c5b583cec70432150bab1/testbuild/testprog', '-Wl,-Bstatic', '-Wl,-Bdynamic', '-Wl,--no-as-needed']
==>

int main(int argc, char **argv) {
	(void)argc; (void)argv;
	return 0;
}

<==
[1/2] Compiling [32mbuild/.conf_check_f58cf5043d6fbc94a95f495616ca5473/test.cpp[0m

['/usr/bin/g++', '-std=c++14', '-Werror', '-Wno-unused-parameter', '-DNS3_LOG_ENABLE', '-DHAVE_NS3_CORE=1', '-DHAVE_NS3_NETWORK=1', '-DHAVE_NS3_POINT_TO_POINT=1', '-DHAVE_NS3_APPLICATIONS=1', '-DHAVE_NS3_MOBILITY=1', '-DHAVE_NS3_NDNSIM=1', '-DHAVE_NS3_ANTENNA=1', '-DHAVE_NS3_AODV=1', '-DHAVE_NS3_BRIDGE=1', '-DHAVE_NS3_BUILDINGS=1', '-DHAVE_NS3_CONFIG_STORE=1', '-DHAVE_NS3_CSMA=1', '-DHAVE_NS3_CSMA_LAYOUT=1', '-DHAVE_NS3_DSDV=1', '-DHAVE_NS3_DSR=1', '-DHAVE_NS3_ENERGY=1', '-DHAVE_NS3_FD_NET_DEVICE=1', '-DHAVE_NS3_FLOW_MONITOR=1', '-DHAVE_NS3_INTERNET=1', '-DHAVE_NS3_LTE=1', '-DHAVE_NS3_MESH=1', '-DHAVE_NS3_MPI=1', '-DHAVE_NS3_NETANIM=1', '-DHAVE_NS3_NIX_VECTOR_ROUTING=1', '-DHAVE_NS3_OLSR=1', '-DHAVE_NS3_POINT_TO_POINT_LAYOUT=1', '-DHAVE_NS3_PROPAGATION=1', '-DHAVE_NS3_SPECTRUM=1', '-DHAVE_NS3_STATS=1', '-DHAVE_NS3_TAP_BRIDGE=1', '-DHAVE_NS3_TOPOLOGY_READ=1', '-DHAVE_NS3_UAN=1', '-DHAVE_NS3_VIRTUAL_NET_DEVICE=1', '-DHAVE_NS3_WIFI=1', '-DHAVE_NS3_WIMAX=1', '-DNS3_LOG_ENABLE=1', '-DNS3_ASSERT_ENABLE=1', '../test.cpp', '-c', '-o/home/parth/Desktop/ndnSIM/NDN-VANET-IFA/build/.conf_check_f58cf5043d6fbc94a95f495616ca5473/testbuild/test.cpp.1.o']
[2/2] Linking [33mbuild/.conf_check_f58cf5043d6fbc94a95f495616ca5473/testbuild/testprog[0m

['/usr/bin/g++', '-fuse-ld=gold', 'test.cpp.1.o', '-o/home/parth/Desktop/ndnSIM/NDN-VANET-IFA/build/.conf_check_f58cf5043d6fbc94a95f495616ca5473/testbuild/testprog', '-Wl,-Bstatic', '-Wl,-Bdynamic', '-Wl,--no-as-needed']
==>

int main(int argc, char **argv) {
	(void)argc; (void)argv;
	return 0;
}

<==
[1/2] Compiling [32mbuild/.conf_check_dd324c9c5a94cbb2225eeba7de9af532/test.cpp[0m

['/usr/bin/g++', '-std=c++14', '-Werror', '-fdiagnostics-color', '-DNS3_LOG_ENABLE', '-DHAVE_NS3_CORE=1', '-DHAVE_NS3_NETWORK=1', '-DHAVE_NS3_POINT_TO_POINT=1', '-DHAVE_NS3_APPLICATIONS=1', '-DHAVE_NS3_MOBILITY=1', '-DHAVE_NS3_NDNSIM=1', '-DHAVE_NS3_ANTENNA=1', '-DHAVE_NS3_AODV=1', '-DHAVE_NS3_BRIDGE=1', '-DHAVE_NS3_BUILDINGS=1', '-DHAVE_NS3_CONFIG_STORE=1', '-DHAVE_NS3_CSMA=1', '-DHAVE_NS3_CSMA_LAYOUT=1', '-DHAVE_NS3_DSDV=1', '-DHAVE_NS3_DSR=1', '-DHAVE_NS3_ENERGY=1', '-DHAVE_NS3_FD_NET_DEVICE=1', '-DHAVE_NS3_FLOW_MONITOR=1', '-DHAVE_NS3_INTERNET=1', '-DHAVE_NS3_LTE=1', '-DHAVE_NS3_MESH=1', '-DHAVE_NS3_MPI=1', '-DHAVE_NS3_NETANIM=1', '-DHAVE_NS3_NIX_VECTOR_ROUTING=1', '-DHAVE_NS3_OLSR=1', '-DHAVE_NS3_POINT_TO_POINT_LAYOUT=1', '-DHAVE_NS3_PROPAGATION=1', '-DHAVE_NS3_SPECTRUM=1', '-DHAVE_NS3_STATS=1', '-DHAVE_NS3_TAP_BRIDGE=1', '-DHAVE_NS3_TOPOLOGY_READ=1', '-DHAVE_NS3_UAN=1', '-DHAVE_NS3_VIRTUAL_NET_DEVICE=1', '-DHAVE_NS3_WIFI=1', '-DHAVE_NS3_WIMAX=1', '-DNS3_LOG_ENABLE=1', '-DNS3_ASSERT_ENABLE=1', '../test.cpp', '-c', '-o/home/parth/Desktop/ndnSIM/NDN-VANET-IFA/build/.conf_check_dd324c9c5a94cbb2225eeba7de9af532/testbuild/test.cpp.1.o']
[2/2] Linking [33mbuild/.conf_check_dd324c9c5a94cbb2225eeba7de9af532/testbuild/testprog[0m

['/usr/bin/g++', '-fuse-ld=gold', 'test.cpp.1.o', '-o/home/parth/Desktop/ndnSIM/NDN-VANET-IFA/build/.conf_check_dd324c9c5a94cbb2225eeba7de9af532/testbuild/testprog', '-Wl,-Bstatic', '-Wl,-Bdynamic', '-Wl,--no-as-needed']
-O0 -Og -g3 -pedantic -Wall -Wextra -Wnon-virtual-dtor -Wno-error=deprecated-declarations -Wno-error=maybe-uninitialized -Wno-unused-parameter -fdiagnostics-color
------------------------------------------
Checking supported LINKFLAGS
==>

int main(int argc, char **argv) {
	(void)argc; (void)argv;
	return 0;
}

<==
[1/2] Compiling [32mbuild/.conf_check_d744f136f05b2b74a17d7a4256dd46dc/test.cpp[0m

['/usr/bin/g++', '-O0', '-Og', '-g3', '-pedantic', '-Wall', '-Wextra', '-Wnon-virtual-dtor', '-Wno-error=deprecated-declarations', '-Wno-error=maybe-uninitialized', '-Wno-unused-parameter', '-fdiagnostics-color', '-std=c++14', '-DNS3_LOG_ENABLE', '-DHAVE_NS3_CORE=1', '-DHAVE_NS3_NETWORK=1', '-DHAVE_NS3_POINT_TO_POINT=1', '-DHAVE_NS3_APPLICATIONS=1', '-DHAVE_NS3_MOBILITY=1', '-DHAVE_NS3_NDNSIM=1', '-DHAVE_NS3_ANTENNA=1', '-DHAVE_NS3_AODV=1', '-DHAVE_NS3_BRIDGE=1', '-DHAVE_NS3_BUILDINGS=1', '-DHAVE_NS3_CONFIG_STORE=1', '-DHAVE_NS3_CSMA=1', '-DHAVE_NS3_CSMA_LAYOUT=1', '-DHAVE_NS3_DSDV=1', '-DHAVE_NS3_DSR=1', '-DHAVE_NS3_ENERGY=1', '-DHAVE_NS3_FD_NET_DEVICE=1', '-DHAVE_NS3_FLOW_MONITOR=1', '-DHAVE_NS3_INTERNET=1', '-DHAVE_NS3_LTE=1', '-DHAVE_NS3_MESH=1', '-DHAVE_NS3_MPI=1', '-DHAVE_NS3_NETANIM=1', '-DHAVE_NS3_NIX_VECTOR_ROUTING=1', '-DHAVE_NS3_OLSR=1', '-DHAVE_NS3_POINT_TO_POINT_LAYOUT=1', '-DHAVE_NS3_PROPAGATION=1', '-DHAVE_NS3_SPECTRUM=1', '-DHAVE_NS3_STATS=1', '-DHAVE_NS3_TAP_BRIDGE=1', '-DHAVE_NS3_TOPOLOGY_READ=1', '-DHAVE_NS3_UAN=1', '-DHAVE_NS3_VIRTUAL_NET_DEVICE=1', '-DHAVE_NS3_WIFI=1', '-DHAVE_NS3_WIMAX=1', '-DNS3_LOG_ENABLE=1', '-DNS3_ASSERT_ENABLE=1', '../test.cpp', '-c', '-o/home/parth/Desktop/ndnSIM/NDN-VANET-IFA/build/.conf_check_d744f136f05b2b74a17d7a4256dd46dc/testbuild/test.cpp.1.o']
[2/2] Linking [33mbuild/.conf_check_d744f136f05b2b74a17d7a4256dd46dc/testbuild/testprog[0m

['/usr/bin/g++', '-fuse-ld=gold', '-Werror', '-Wl,-O1', 'test.cpp.1.o', '-o/home/parth/Desktop/ndnSIM/NDN-VANET-IFA/build/.conf_check_d744f136f05b2b74a17d7a4256dd46dc/testbuild/testprog', '-Wl,-Bstatic', '-Wl,-Bdynamic', '-Wl,--no-as-needed']
-Wl,-O1
